[0.103s] DEBUG:colcon:Command line arguments: ['/usr/bin/colcon', 'build']
[0.104s] DEBUG:colcon:Parsed command line arguments: Namespace(log_base=None, log_level=None, verb_name='build', build_base='build', install_base='install', merge_install=False, symlink_install=False, test_result_base=None, continue_on_error=False, executor='parallel', parallel_workers=12, event_handlers=None, ignore_user_meta=False, metas=['./colcon.meta'], base_paths=['.'], packages_ignore=None, packages_ignore_regex=None, paths=None, packages_up_to=None, packages_up_to_regex=None, packages_above=None, packages_above_and_dependencies=None, packages_above_depth=None, packages_select_by_dep=None, packages_skip_by_dep=None, packages_skip_up_to=None, packages_select_build_failed=False, packages_skip_build_finished=False, packages_select_test_failures=False, packages_skip_test_passed=False, packages_select=None, packages_skip=None, packages_select_regex=None, packages_skip_regex=None, packages_start=None, packages_end=None, allow_overriding=[], cmake_args=None, cmake_target=None, cmake_target_skip_unavailable=False, cmake_clean_cache=False, cmake_clean_first=False, cmake_force_configure=False, ament_cmake_args=None, catkin_cmake_args=None, catkin_skip_building_tests=False, mixin_files=None, mixin=None, verb_parser=<colcon_mixin.mixin.mixin_argument.MixinArgumentDecorator object at 0x71745928d6d0>, verb_extension=<colcon_core.verb.build.BuildVerb object at 0x717459236ff0>, main=<bound method BuildVerb.main of <colcon_core.verb.build.BuildVerb object at 0x717459236ff0>>, mixin_verb=('build',))
[0.140s] Level 1:colcon.colcon_core.package_discovery:discover_packages(colcon_meta) check parameters
[0.140s] Level 1:colcon.colcon_core.package_discovery:discover_packages(recursive) check parameters
[0.140s] Level 1:colcon.colcon_core.package_discovery:discover_packages(ignore) check parameters
[0.140s] Level 1:colcon.colcon_core.package_discovery:discover_packages(path) check parameters
[0.141s] Level 1:colcon.colcon_core.package_discovery:discover_packages(colcon_meta) discover
[0.141s] Level 1:colcon.colcon_core.package_discovery:discover_packages(recursive) discover
[0.141s] INFO:colcon.colcon_core.package_discovery:Crawling recursively for packages in '/home/astrox/ros2_ws'
[0.141s] Level 1:colcon.colcon_core.package_identification:_identify(.) by extensions ['ignore', 'ignore_ament_install']
[0.141s] Level 1:colcon.colcon_core.package_identification:_identify(.) by extension 'ignore'
[0.141s] Level 1:colcon.colcon_core.package_identification:_identify(.) by extension 'ignore_ament_install'
[0.141s] Level 1:colcon.colcon_core.package_identification:_identify(.) by extensions ['colcon_pkg']
[0.141s] Level 1:colcon.colcon_core.package_identification:_identify(.) by extension 'colcon_pkg'
[0.141s] Level 1:colcon.colcon_core.package_identification:_identify(.) by extensions ['colcon_meta']
[0.141s] Level 1:colcon.colcon_core.package_identification:_identify(.) by extension 'colcon_meta'
[0.141s] Level 1:colcon.colcon_core.package_identification:_identify(.) by extensions ['ros']
[0.141s] Level 1:colcon.colcon_core.package_identification:_identify(.) by extension 'ros'
[0.161s] Level 1:colcon.colcon_core.package_identification:_identify(.) by extensions ['cmake', 'python']
[0.161s] Level 1:colcon.colcon_core.package_identification:_identify(.) by extension 'cmake'
[0.161s] Level 1:colcon.colcon_core.package_identification:_identify(.) by extension 'python'
[0.161s] Level 1:colcon.colcon_core.package_identification:_identify(.) by extensions ['python_setup_py']
[0.161s] Level 1:colcon.colcon_core.package_identification:_identify(.) by extension 'python_setup_py'
[0.161s] Level 1:colcon.colcon_core.package_identification:_identify(build) by extensions ['ignore', 'ignore_ament_install']
[0.161s] Level 1:colcon.colcon_core.package_identification:_identify(build) by extension 'ignore'
[0.162s] Level 1:colcon.colcon_core.package_identification:_identify(build) ignored
[0.162s] Level 1:colcon.colcon_core.package_identification:_identify(install) by extensions ['ignore', 'ignore_ament_install']
[0.162s] Level 1:colcon.colcon_core.package_identification:_identify(install) by extension 'ignore'
[0.162s] Level 1:colcon.colcon_core.package_identification:_identify(install) ignored
[0.162s] Level 1:colcon.colcon_core.package_identification:_identify(log) by extensions ['ignore', 'ignore_ament_install']
[0.162s] Level 1:colcon.colcon_core.package_identification:_identify(log) by extension 'ignore'
[0.162s] Level 1:colcon.colcon_core.package_identification:_identify(log) ignored
[0.162s] Level 1:colcon.colcon_core.package_identification:_identify(src) by extensions ['ignore', 'ignore_ament_install']
[0.162s] Level 1:colcon.colcon_core.package_identification:_identify(src) by extension 'ignore'
[0.162s] Level 1:colcon.colcon_core.package_identification:_identify(src) by extension 'ignore_ament_install'
[0.162s] Level 1:colcon.colcon_core.package_identification:_identify(src) by extensions ['colcon_pkg']
[0.162s] Level 1:colcon.colcon_core.package_identification:_identify(src) by extension 'colcon_pkg'
[0.162s] Level 1:colcon.colcon_core.package_identification:_identify(src) by extensions ['colcon_meta']
[0.162s] Level 1:colcon.colcon_core.package_identification:_identify(src) by extension 'colcon_meta'
[0.162s] Level 1:colcon.colcon_core.package_identification:_identify(src) by extensions ['ros']
[0.162s] Level 1:colcon.colcon_core.package_identification:_identify(src) by extension 'ros'
[0.162s] Level 1:colcon.colcon_core.package_identification:_identify(src) by extensions ['cmake', 'python']
[0.162s] Level 1:colcon.colcon_core.package_identification:_identify(src) by extension 'cmake'
[0.162s] Level 1:colcon.colcon_core.package_identification:_identify(src) by extension 'python'
[0.162s] Level 1:colcon.colcon_core.package_identification:_identify(src) by extensions ['python_setup_py']
[0.163s] Level 1:colcon.colcon_core.package_identification:_identify(src) by extension 'python_setup_py'
[0.163s] Level 1:colcon.colcon_core.package_identification:_identify(src/cpp_pubsub) by extensions ['ignore', 'ignore_ament_install']
[0.163s] Level 1:colcon.colcon_core.package_identification:_identify(src/cpp_pubsub) by extension 'ignore'
[0.163s] Level 1:colcon.colcon_core.package_identification:_identify(src/cpp_pubsub) by extension 'ignore_ament_install'
[0.163s] Level 1:colcon.colcon_core.package_identification:_identify(src/cpp_pubsub) by extensions ['colcon_pkg']
[0.163s] Level 1:colcon.colcon_core.package_identification:_identify(src/cpp_pubsub) by extension 'colcon_pkg'
[0.163s] Level 1:colcon.colcon_core.package_identification:_identify(src/cpp_pubsub) by extensions ['colcon_meta']
[0.163s] Level 1:colcon.colcon_core.package_identification:_identify(src/cpp_pubsub) by extension 'colcon_meta'
[0.163s] Level 1:colcon.colcon_core.package_identification:_identify(src/cpp_pubsub) by extensions ['ros']
[0.163s] Level 1:colcon.colcon_core.package_identification:_identify(src/cpp_pubsub) by extension 'ros'
[0.165s] DEBUG:colcon.colcon_core.package_identification:Package 'src/cpp_pubsub' with type 'ros.ament_cmake' and name 'cpp_pubsub'
[0.165s] Level 1:colcon.colcon_core.package_identification:_identify(src/cpp_script) by extensions ['ignore', 'ignore_ament_install']
[0.165s] Level 1:colcon.colcon_core.package_identification:_identify(src/cpp_script) by extension 'ignore'
[0.165s] Level 1:colcon.colcon_core.package_identification:_identify(src/cpp_script) by extension 'ignore_ament_install'
[0.165s] Level 1:colcon.colcon_core.package_identification:_identify(src/cpp_script) by extensions ['colcon_pkg']
[0.165s] Level 1:colcon.colcon_core.package_identification:_identify(src/cpp_script) by extension 'colcon_pkg'
[0.165s] Level 1:colcon.colcon_core.package_identification:_identify(src/cpp_script) by extensions ['colcon_meta']
[0.165s] Level 1:colcon.colcon_core.package_identification:_identify(src/cpp_script) by extension 'colcon_meta'
[0.165s] Level 1:colcon.colcon_core.package_identification:_identify(src/cpp_script) by extensions ['ros']
[0.165s] Level 1:colcon.colcon_core.package_identification:_identify(src/cpp_script) by extension 'ros'
[0.165s] DEBUG:colcon.colcon_core.package_identification:Package 'src/cpp_script' with type 'ros.ament_cmake' and name 'cpp_script'
[0.165s] Level 1:colcon.colcon_core.package_identification:_identify(src/py_pubsub) by extensions ['ignore', 'ignore_ament_install']
[0.166s] Level 1:colcon.colcon_core.package_identification:_identify(src/py_pubsub) by extension 'ignore'
[0.166s] Level 1:colcon.colcon_core.package_identification:_identify(src/py_pubsub) by extension 'ignore_ament_install'
[0.166s] Level 1:colcon.colcon_core.package_identification:_identify(src/py_pubsub) by extensions ['colcon_pkg']
[0.166s] Level 1:colcon.colcon_core.package_identification:_identify(src/py_pubsub) by extension 'colcon_pkg'
[0.166s] Level 1:colcon.colcon_core.package_identification:_identify(src/py_pubsub) by extensions ['colcon_meta']
[0.166s] Level 1:colcon.colcon_core.package_identification:_identify(src/py_pubsub) by extension 'colcon_meta'
[0.166s] Level 1:colcon.colcon_core.package_identification:_identify(src/py_pubsub) by extensions ['ros']
[0.166s] Level 1:colcon.colcon_core.package_identification:_identify(src/py_pubsub) by extension 'ros'
[0.166s] DEBUG:colcon.colcon_core.package_identification:Package 'src/py_pubsub' with type 'ros.ament_python' and name 'py_pubsub'
[0.166s] Level 1:colcon.colcon_core.package_identification:_identify(src/python_script) by extensions ['ignore', 'ignore_ament_install']
[0.166s] Level 1:colcon.colcon_core.package_identification:_identify(src/python_script) by extension 'ignore'
[0.166s] Level 1:colcon.colcon_core.package_identification:_identify(src/python_script) by extension 'ignore_ament_install'
[0.166s] Level 1:colcon.colcon_core.package_identification:_identify(src/python_script) by extensions ['colcon_pkg']
[0.166s] Level 1:colcon.colcon_core.package_identification:_identify(src/python_script) by extension 'colcon_pkg'
[0.166s] Level 1:colcon.colcon_core.package_identification:_identify(src/python_script) by extensions ['colcon_meta']
[0.166s] Level 1:colcon.colcon_core.package_identification:_identify(src/python_script) by extension 'colcon_meta'
[0.166s] Level 1:colcon.colcon_core.package_identification:_identify(src/python_script) by extensions ['ros']
[0.166s] Level 1:colcon.colcon_core.package_identification:_identify(src/python_script) by extension 'ros'
[0.167s] DEBUG:colcon.colcon_core.package_identification:Package 'src/python_script' with type 'ros.ament_python' and name 'python_script'
[0.167s] Level 1:colcon.colcon_core.package_discovery:discover_packages(recursive) using defaults
[0.167s] Level 1:colcon.colcon_core.package_discovery:discover_packages(ignore) discover
[0.167s] Level 1:colcon.colcon_core.package_discovery:discover_packages(ignore) using defaults
[0.167s] Level 1:colcon.colcon_core.package_discovery:discover_packages(path) discover
[0.167s] Level 1:colcon.colcon_core.package_discovery:discover_packages(path) using defaults
[0.182s] Level 1:colcon.colcon_core.package_discovery:discover_packages(prefix_path) check parameters
[0.182s] Level 1:colcon.colcon_core.package_discovery:discover_packages(prefix_path) discover
[0.184s] DEBUG:colcon.colcon_installed_package_information.package_discovery:Found 3 installed packages in /home/astrox/ros2_ws/install
[0.185s] DEBUG:colcon.colcon_installed_package_information.package_discovery:Found 285 installed packages in /opt/ros/jazzy
[0.186s] Level 1:colcon.colcon_core.package_discovery:discover_packages(prefix_path) using defaults
[0.224s] Level 5:colcon.colcon_core.verb:set package 'cpp_pubsub' build argument 'cmake_args' from command line to 'None'
[0.224s] Level 5:colcon.colcon_core.verb:set package 'cpp_pubsub' build argument 'cmake_target' from command line to 'None'
[0.224s] Level 5:colcon.colcon_core.verb:set package 'cpp_pubsub' build argument 'cmake_target_skip_unavailable' from command line to 'False'
[0.224s] Level 5:colcon.colcon_core.verb:set package 'cpp_pubsub' build argument 'cmake_clean_cache' from command line to 'False'
[0.224s] Level 5:colcon.colcon_core.verb:set package 'cpp_pubsub' build argument 'cmake_clean_first' from command line to 'False'
[0.224s] Level 5:colcon.colcon_core.verb:set package 'cpp_pubsub' build argument 'cmake_force_configure' from command line to 'False'
[0.224s] Level 5:colcon.colcon_core.verb:set package 'cpp_pubsub' build argument 'ament_cmake_args' from command line to 'None'
[0.224s] Level 5:colcon.colcon_core.verb:set package 'cpp_pubsub' build argument 'catkin_cmake_args' from command line to 'None'
[0.224s] Level 5:colcon.colcon_core.verb:set package 'cpp_pubsub' build argument 'catkin_skip_building_tests' from command line to 'False'
[0.224s] DEBUG:colcon.colcon_core.verb:Building package 'cpp_pubsub' with the following arguments: {'ament_cmake_args': None, 'build_base': '/home/astrox/ros2_ws/build/cpp_pubsub', 'catkin_cmake_args': None, 'catkin_skip_building_tests': False, 'cmake_args': None, 'cmake_clean_cache': False, 'cmake_clean_first': False, 'cmake_force_configure': False, 'cmake_target': None, 'cmake_target_skip_unavailable': False, 'install_base': '/home/astrox/ros2_ws/install/cpp_pubsub', 'merge_install': False, 'path': '/home/astrox/ros2_ws/src/cpp_pubsub', 'symlink_install': False, 'test_result_base': None}
[0.224s] Level 5:colcon.colcon_core.verb:set package 'cpp_script' build argument 'cmake_args' from command line to 'None'
[0.224s] Level 5:colcon.colcon_core.verb:set package 'cpp_script' build argument 'cmake_target' from command line to 'None'
[0.224s] Level 5:colcon.colcon_core.verb:set package 'cpp_script' build argument 'cmake_target_skip_unavailable' from command line to 'False'
[0.224s] Level 5:colcon.colcon_core.verb:set package 'cpp_script' build argument 'cmake_clean_cache' from command line to 'False'
[0.224s] Level 5:colcon.colcon_core.verb:set package 'cpp_script' build argument 'cmake_clean_first' from command line to 'False'
[0.224s] Level 5:colcon.colcon_core.verb:set package 'cpp_script' build argument 'cmake_force_configure' from command line to 'False'
[0.224s] Level 5:colcon.colcon_core.verb:set package 'cpp_script' build argument 'ament_cmake_args' from command line to 'None'
[0.224s] Level 5:colcon.colcon_core.verb:set package 'cpp_script' build argument 'catkin_cmake_args' from command line to 'None'
[0.224s] Level 5:colcon.colcon_core.verb:set package 'cpp_script' build argument 'catkin_skip_building_tests' from command line to 'False'
[0.224s] DEBUG:colcon.colcon_core.verb:Building package 'cpp_script' with the following arguments: {'ament_cmake_args': None, 'build_base': '/home/astrox/ros2_ws/build/cpp_script', 'catkin_cmake_args': None, 'catkin_skip_building_tests': False, 'cmake_args': None, 'cmake_clean_cache': False, 'cmake_clean_first': False, 'cmake_force_configure': False, 'cmake_target': None, 'cmake_target_skip_unavailable': False, 'install_base': '/home/astrox/ros2_ws/install/cpp_script', 'merge_install': False, 'path': '/home/astrox/ros2_ws/src/cpp_script', 'symlink_install': False, 'test_result_base': None}
[0.225s] Level 5:colcon.colcon_core.verb:set package 'py_pubsub' build argument 'cmake_args' from command line to 'None'
[0.225s] Level 5:colcon.colcon_core.verb:set package 'py_pubsub' build argument 'cmake_target' from command line to 'None'
[0.225s] Level 5:colcon.colcon_core.verb:set package 'py_pubsub' build argument 'cmake_target_skip_unavailable' from command line to 'False'
[0.225s] Level 5:colcon.colcon_core.verb:set package 'py_pubsub' build argument 'cmake_clean_cache' from command line to 'False'
[0.225s] Level 5:colcon.colcon_core.verb:set package 'py_pubsub' build argument 'cmake_clean_first' from command line to 'False'
[0.225s] Level 5:colcon.colcon_core.verb:set package 'py_pubsub' build argument 'cmake_force_configure' from command line to 'False'
[0.225s] Level 5:colcon.colcon_core.verb:set package 'py_pubsub' build argument 'ament_cmake_args' from command line to 'None'
[0.225s] Level 5:colcon.colcon_core.verb:set package 'py_pubsub' build argument 'catkin_cmake_args' from command line to 'None'
[0.225s] Level 5:colcon.colcon_core.verb:set package 'py_pubsub' build argument 'catkin_skip_building_tests' from command line to 'False'
[0.225s] DEBUG:colcon.colcon_core.verb:Building package 'py_pubsub' with the following arguments: {'ament_cmake_args': None, 'build_base': '/home/astrox/ros2_ws/build/py_pubsub', 'catkin_cmake_args': None, 'catkin_skip_building_tests': False, 'cmake_args': None, 'cmake_clean_cache': False, 'cmake_clean_first': False, 'cmake_force_configure': False, 'cmake_target': None, 'cmake_target_skip_unavailable': False, 'install_base': '/home/astrox/ros2_ws/install/py_pubsub', 'merge_install': False, 'path': '/home/astrox/ros2_ws/src/py_pubsub', 'symlink_install': False, 'test_result_base': None}
[0.225s] Level 5:colcon.colcon_core.verb:set package 'python_script' build argument 'cmake_args' from command line to 'None'
[0.225s] Level 5:colcon.colcon_core.verb:set package 'python_script' build argument 'cmake_target' from command line to 'None'
[0.225s] Level 5:colcon.colcon_core.verb:set package 'python_script' build argument 'cmake_target_skip_unavailable' from command line to 'False'
[0.225s] Level 5:colcon.colcon_core.verb:set package 'python_script' build argument 'cmake_clean_cache' from command line to 'False'
[0.225s] Level 5:colcon.colcon_core.verb:set package 'python_script' build argument 'cmake_clean_first' from command line to 'False'
[0.225s] Level 5:colcon.colcon_core.verb:set package 'python_script' build argument 'cmake_force_configure' from command line to 'False'
[0.225s] Level 5:colcon.colcon_core.verb:set package 'python_script' build argument 'ament_cmake_args' from command line to 'None'
[0.225s] Level 5:colcon.colcon_core.verb:set package 'python_script' build argument 'catkin_cmake_args' from command line to 'None'
[0.225s] Level 5:colcon.colcon_core.verb:set package 'python_script' build argument 'catkin_skip_building_tests' from command line to 'False'
[0.225s] DEBUG:colcon.colcon_core.verb:Building package 'python_script' with the following arguments: {'ament_cmake_args': None, 'build_base': '/home/astrox/ros2_ws/build/python_script', 'catkin_cmake_args': None, 'catkin_skip_building_tests': False, 'cmake_args': None, 'cmake_clean_cache': False, 'cmake_clean_first': False, 'cmake_force_configure': False, 'cmake_target': None, 'cmake_target_skip_unavailable': False, 'install_base': '/home/astrox/ros2_ws/install/python_script', 'merge_install': False, 'path': '/home/astrox/ros2_ws/src/python_script', 'symlink_install': False, 'test_result_base': None}
[0.225s] INFO:colcon.colcon_core.executor:Executing jobs using 'parallel' executor
[0.226s] DEBUG:colcon.colcon_parallel_executor.executor.parallel:run_until_complete
[0.226s] INFO:colcon.colcon_ros.task.ament_cmake.build:Building ROS package in '/home/astrox/ros2_ws/src/cpp_pubsub' with build type 'ament_cmake'
[0.226s] INFO:colcon.colcon_cmake.task.cmake.build:Building CMake package in '/home/astrox/ros2_ws/src/cpp_pubsub'
[0.230s] INFO:colcon.colcon_core.plugin_system:Skipping extension 'colcon_core.shell.bat': Not used on non-Windows systems
[0.231s] INFO:colcon.colcon_core.shell:Skip shell extension 'powershell' for command environment: Not usable outside of PowerShell
[0.231s] DEBUG:colcon.colcon_core.shell:Skip shell extension 'dsv' for command environment
[0.234s] INFO:colcon.colcon_ros.task.ament_cmake.build:Building ROS package in '/home/astrox/ros2_ws/src/cpp_script' with build type 'ament_cmake'
[0.234s] INFO:colcon.colcon_cmake.task.cmake.build:Building CMake package in '/home/astrox/ros2_ws/src/cpp_script'
[0.234s] INFO:colcon.colcon_core.shell:Skip shell extension 'powershell' for command environment: Not usable outside of PowerShell
[0.234s] DEBUG:colcon.colcon_core.shell:Skip shell extension 'dsv' for command environment
[0.237s] INFO:colcon.colcon_ros.task.ament_python.build:Building ROS package in '/home/astrox/ros2_ws/src/py_pubsub' with build type 'ament_python'
[0.237s] Level 1:colcon.colcon_core.shell:create_environment_hook('py_pubsub', 'ament_prefix_path')
[0.237s] INFO:colcon.colcon_core.shell:Creating environment hook '/home/astrox/ros2_ws/install/py_pubsub/share/py_pubsub/hook/ament_prefix_path.ps1'
[0.238s] INFO:colcon.colcon_core.shell:Creating environment descriptor '/home/astrox/ros2_ws/install/py_pubsub/share/py_pubsub/hook/ament_prefix_path.dsv'
[0.238s] INFO:colcon.colcon_core.shell:Creating environment hook '/home/astrox/ros2_ws/install/py_pubsub/share/py_pubsub/hook/ament_prefix_path.sh'
[0.239s] INFO:colcon.colcon_core.shell:Skip shell extension 'powershell' for command environment: Not usable outside of PowerShell
[0.239s] DEBUG:colcon.colcon_core.shell:Skip shell extension 'dsv' for command environment
[0.241s] INFO:colcon.colcon_ros.task.ament_python.build:Building ROS package in '/home/astrox/ros2_ws/src/python_script' with build type 'ament_python'
[0.241s] Level 1:colcon.colcon_core.shell:create_environment_hook('python_script', 'ament_prefix_path')
[0.241s] INFO:colcon.colcon_core.shell:Creating environment hook '/home/astrox/ros2_ws/install/python_script/share/python_script/hook/ament_prefix_path.ps1'
[0.242s] INFO:colcon.colcon_core.shell:Creating environment descriptor '/home/astrox/ros2_ws/install/python_script/share/python_script/hook/ament_prefix_path.dsv'
[0.242s] INFO:colcon.colcon_core.shell:Creating environment hook '/home/astrox/ros2_ws/install/python_script/share/python_script/hook/ament_prefix_path.sh'
[0.242s] INFO:colcon.colcon_core.shell:Skip shell extension 'powershell' for command environment: Not usable outside of PowerShell
[0.242s] DEBUG:colcon.colcon_core.shell:Skip shell extension 'dsv' for command environment
[0.249s] DEBUG:colcon.colcon_core.event_handler.log_command:Invoking command in '/home/astrox/ros2_ws/build/cpp_pubsub': CMAKE_PREFIX_PATH=${CMAKE_PREFIX_PATH}:/home/astrox/ros2_ws/install/py_pubsub:/opt/ros/jazzy DEBUGINFOD_URLS=https://debuginfod.ubuntu.com /usr/bin/cmake --build /home/astrox/ros2_ws/build/cpp_pubsub -- -j12 -l12
[0.252s] DEBUG:colcon.colcon_core.event_handler.log_command:Invoking command in '/home/astrox/ros2_ws/build/cpp_script': CMAKE_PREFIX_PATH=${CMAKE_PREFIX_PATH}:/home/astrox/ros2_ws/install/py_pubsub:/opt/ros/jazzy DEBUGINFOD_URLS=https://debuginfod.ubuntu.com /usr/bin/cmake --build /home/astrox/ros2_ws/build/cpp_script -- -j12 -l12
[0.447s] INFO:colcon.colcon_core.task.python.build:Building Python package in '/home/astrox/ros2_ws/src/py_pubsub'
[0.447s] INFO:colcon.colcon_core.shell:Skip shell extension 'powershell' for command environment: Not usable outside of PowerShell
[0.447s] DEBUG:colcon.colcon_core.shell:Skip shell extension 'dsv' for command environment
[0.636s] INFO:colcon.colcon_core.task.python.build:Building Python package in '/home/astrox/ros2_ws/src/python_script'
[0.636s] INFO:colcon.colcon_core.shell:Skip shell extension 'powershell' for command environment: Not usable outside of PowerShell
[0.636s] DEBUG:colcon.colcon_core.shell:Skip shell extension 'dsv' for command environment
[0.639s] DEBUG:colcon.colcon_core.event_handler.log_command:Invoked command in '/home/astrox/ros2_ws/build/cpp_pubsub' returned '0': CMAKE_PREFIX_PATH=${CMAKE_PREFIX_PATH}:/home/astrox/ros2_ws/install/py_pubsub:/opt/ros/jazzy DEBUGINFOD_URLS=https://debuginfod.ubuntu.com /usr/bin/cmake --build /home/astrox/ros2_ws/build/cpp_pubsub -- -j12 -l12
[0.663s] DEBUG:colcon.colcon_core.event_handler.log_command:Invoking command in '/home/astrox/ros2_ws/build/cpp_pubsub': CMAKE_PREFIX_PATH=${CMAKE_PREFIX_PATH}:/home/astrox/ros2_ws/install/py_pubsub:/opt/ros/jazzy DEBUGINFOD_URLS=https://debuginfod.ubuntu.com /usr/bin/cmake --install /home/astrox/ros2_ws/build/cpp_pubsub
[0.674s] Level 1:colcon.colcon_core.environment:create_environment_scripts_only(cpp_pubsub)
[0.674s] DEBUG:colcon.colcon_core.event_handler.log_command:Invoked command in '/home/astrox/ros2_ws/build/cpp_pubsub' returned '0': CMAKE_PREFIX_PATH=${CMAKE_PREFIX_PATH}:/home/astrox/ros2_ws/install/py_pubsub:/opt/ros/jazzy DEBUGINFOD_URLS=https://debuginfod.ubuntu.com /usr/bin/cmake --install /home/astrox/ros2_ws/build/cpp_pubsub
[0.678s] Level 1:colcon.colcon_core.environment:checking '/home/astrox/ros2_ws/install/cpp_pubsub' for CMake module files
[0.678s] Level 1:colcon.colcon_core.environment:checking '/home/astrox/ros2_ws/install/cpp_pubsub' for CMake config files
[0.678s] Level 1:colcon.colcon_core.shell:create_environment_hook('cpp_pubsub', 'cmake_prefix_path')
[0.678s] INFO:colcon.colcon_core.shell:Creating environment hook '/home/astrox/ros2_ws/install/cpp_pubsub/share/cpp_pubsub/hook/cmake_prefix_path.ps1'
[0.679s] INFO:colcon.colcon_core.shell:Creating environment descriptor '/home/astrox/ros2_ws/install/cpp_pubsub/share/cpp_pubsub/hook/cmake_prefix_path.dsv'
[0.679s] INFO:colcon.colcon_core.shell:Creating environment hook '/home/astrox/ros2_ws/install/cpp_pubsub/share/cpp_pubsub/hook/cmake_prefix_path.sh'
[0.679s] Level 1:colcon.colcon_core.environment:checking '/home/astrox/ros2_ws/install/cpp_pubsub/lib'
[0.680s] Level 1:colcon.colcon_core.environment:checking '/home/astrox/ros2_ws/install/cpp_pubsub/bin'
[0.680s] Level 1:colcon.colcon_core.environment:checking '/home/astrox/ros2_ws/install/cpp_pubsub/lib/pkgconfig/cpp_pubsub.pc'
[0.680s] Level 1:colcon.colcon_core.environment:checking '/home/astrox/ros2_ws/install/cpp_pubsub/lib/python3.12/site-packages'
[0.680s] Level 1:colcon.colcon_core.environment:checking '/home/astrox/ros2_ws/install/cpp_pubsub/bin'
[0.680s] INFO:colcon.colcon_core.shell:Creating package script '/home/astrox/ros2_ws/install/cpp_pubsub/share/cpp_pubsub/package.ps1'
[0.681s] INFO:colcon.colcon_core.shell:Creating package descriptor '/home/astrox/ros2_ws/install/cpp_pubsub/share/cpp_pubsub/package.dsv'
[0.681s] INFO:colcon.colcon_core.shell:Creating package script '/home/astrox/ros2_ws/install/cpp_pubsub/share/cpp_pubsub/package.sh'
[0.682s] INFO:colcon.colcon_core.shell:Creating package script '/home/astrox/ros2_ws/install/cpp_pubsub/share/cpp_pubsub/package.bash'
[0.683s] INFO:colcon.colcon_core.shell:Creating package script '/home/astrox/ros2_ws/install/cpp_pubsub/share/cpp_pubsub/package.zsh'
[0.683s] Level 1:colcon.colcon_core.environment:create_file_with_runtime_dependencies(/home/astrox/ros2_ws/install/cpp_pubsub/share/colcon-core/packages/cpp_pubsub)
[0.700s] Level 1:colcon.colcon_core.environment:create_environment_scripts_only(cpp_pubsub)
[0.700s] Level 1:colcon.colcon_core.environment:checking '/home/astrox/ros2_ws/install/cpp_pubsub' for CMake module files
[0.700s] Level 1:colcon.colcon_core.environment:checking '/home/astrox/ros2_ws/install/cpp_pubsub' for CMake config files
[0.701s] Level 1:colcon.colcon_core.shell:create_environment_hook('cpp_pubsub', 'cmake_prefix_path')
[0.701s] INFO:colcon.colcon_core.shell:Creating environment hook '/home/astrox/ros2_ws/install/cpp_pubsub/share/cpp_pubsub/hook/cmake_prefix_path.ps1'
[0.701s] INFO:colcon.colcon_core.shell:Creating environment descriptor '/home/astrox/ros2_ws/install/cpp_pubsub/share/cpp_pubsub/hook/cmake_prefix_path.dsv'
[0.701s] INFO:colcon.colcon_core.shell:Creating environment hook '/home/astrox/ros2_ws/install/cpp_pubsub/share/cpp_pubsub/hook/cmake_prefix_path.sh'
[0.702s] Level 1:colcon.colcon_core.environment:checking '/home/astrox/ros2_ws/install/cpp_pubsub/lib'
[0.702s] Level 1:colcon.colcon_core.environment:checking '/home/astrox/ros2_ws/install/cpp_pubsub/bin'
[0.702s] Level 1:colcon.colcon_core.environment:checking '/home/astrox/ros2_ws/install/cpp_pubsub/lib/pkgconfig/cpp_pubsub.pc'
[0.702s] Level 1:colcon.colcon_core.environment:checking '/home/astrox/ros2_ws/install/cpp_pubsub/lib/python3.12/site-packages'
[0.702s] Level 1:colcon.colcon_core.environment:checking '/home/astrox/ros2_ws/install/cpp_pubsub/bin'
[0.703s] INFO:colcon.colcon_core.shell:Creating package script '/home/astrox/ros2_ws/install/cpp_pubsub/share/cpp_pubsub/package.ps1'
[0.703s] INFO:colcon.colcon_core.shell:Creating package descriptor '/home/astrox/ros2_ws/install/cpp_pubsub/share/cpp_pubsub/package.dsv'
[0.704s] INFO:colcon.colcon_core.shell:Creating package script '/home/astrox/ros2_ws/install/cpp_pubsub/share/cpp_pubsub/package.sh'
[0.704s] INFO:colcon.colcon_core.shell:Creating package script '/home/astrox/ros2_ws/install/cpp_pubsub/share/cpp_pubsub/package.bash'
[0.704s] INFO:colcon.colcon_core.shell:Creating package script '/home/astrox/ros2_ws/install/cpp_pubsub/share/cpp_pubsub/package.zsh'
[0.705s] Level 1:colcon.colcon_core.environment:create_file_with_runtime_dependencies(/home/astrox/ros2_ws/install/cpp_pubsub/share/colcon-core/packages/cpp_pubsub)
[0.970s] DEBUG:colcon.colcon_core.event_handler.log_command:Invoked command in '/home/astrox/ros2_ws/build/cpp_script' returned '0': CMAKE_PREFIX_PATH=${CMAKE_PREFIX_PATH}:/home/astrox/ros2_ws/install/py_pubsub:/opt/ros/jazzy DEBUGINFOD_URLS=https://debuginfod.ubuntu.com /usr/bin/cmake --build /home/astrox/ros2_ws/build/cpp_script -- -j12 -l12
[0.985s] DEBUG:colcon.colcon_core.event_handler.log_command:Invoking command in '/home/astrox/ros2_ws/build/cpp_script': CMAKE_PREFIX_PATH=${CMAKE_PREFIX_PATH}:/home/astrox/ros2_ws/install/py_pubsub:/opt/ros/jazzy DEBUGINFOD_URLS=https://debuginfod.ubuntu.com /usr/bin/cmake --install /home/astrox/ros2_ws/build/cpp_script
[0.993s] Level 1:colcon.colcon_core.environment:create_environment_scripts_only(cpp_script)
[0.994s] Level 1:colcon.colcon_core.environment:checking '/home/astrox/ros2_ws/install/cpp_script' for CMake module files
[0.994s] DEBUG:colcon.colcon_core.event_handler.log_command:Invoked command in '/home/astrox/ros2_ws/build/cpp_script' returned '0': CMAKE_PREFIX_PATH=${CMAKE_PREFIX_PATH}:/home/astrox/ros2_ws/install/py_pubsub:/opt/ros/jazzy DEBUGINFOD_URLS=https://debuginfod.ubuntu.com /usr/bin/cmake --install /home/astrox/ros2_ws/build/cpp_script
[0.994s] Level 1:colcon.colcon_core.environment:checking '/home/astrox/ros2_ws/install/cpp_script' for CMake config files
[0.995s] Level 1:colcon.colcon_core.shell:create_environment_hook('cpp_script', 'cmake_prefix_path')
[0.995s] INFO:colcon.colcon_core.shell:Creating environment hook '/home/astrox/ros2_ws/install/cpp_script/share/cpp_script/hook/cmake_prefix_path.ps1'
[0.995s] INFO:colcon.colcon_core.shell:Creating environment descriptor '/home/astrox/ros2_ws/install/cpp_script/share/cpp_script/hook/cmake_prefix_path.dsv'
[0.995s] INFO:colcon.colcon_core.shell:Creating environment hook '/home/astrox/ros2_ws/install/cpp_script/share/cpp_script/hook/cmake_prefix_path.sh'
[0.996s] Level 1:colcon.colcon_core.environment:checking '/home/astrox/ros2_ws/install/cpp_script/lib'
[0.996s] Level 1:colcon.colcon_core.environment:checking '/home/astrox/ros2_ws/install/cpp_script/bin'
[0.996s] Level 1:colcon.colcon_core.environment:checking '/home/astrox/ros2_ws/install/cpp_script/lib/pkgconfig/cpp_script.pc'
[0.996s] Level 1:colcon.colcon_core.environment:checking '/home/astrox/ros2_ws/install/cpp_script/lib/python3.12/site-packages'
[0.996s] Level 1:colcon.colcon_core.environment:checking '/home/astrox/ros2_ws/install/cpp_script/bin'
[0.996s] INFO:colcon.colcon_core.shell:Creating package script '/home/astrox/ros2_ws/install/cpp_script/share/cpp_script/package.ps1'
[0.997s] INFO:colcon.colcon_core.shell:Creating package descriptor '/home/astrox/ros2_ws/install/cpp_script/share/cpp_script/package.dsv'
[0.997s] INFO:colcon.colcon_core.shell:Creating package script '/home/astrox/ros2_ws/install/cpp_script/share/cpp_script/package.sh'
[0.997s] INFO:colcon.colcon_core.shell:Creating package script '/home/astrox/ros2_ws/install/cpp_script/share/cpp_script/package.bash'
[0.997s] INFO:colcon.colcon_core.shell:Creating package script '/home/astrox/ros2_ws/install/cpp_script/share/cpp_script/package.zsh'
[0.998s] Level 1:colcon.colcon_core.environment:create_file_with_runtime_dependencies(/home/astrox/ros2_ws/install/cpp_script/share/colcon-core/packages/cpp_script)
[1.012s] Level 1:colcon.colcon_core.environment:create_environment_scripts_only(cpp_script)
[1.013s] Level 1:colcon.colcon_core.environment:checking '/home/astrox/ros2_ws/install/cpp_script' for CMake module files
[1.013s] Level 1:colcon.colcon_core.environment:checking '/home/astrox/ros2_ws/install/cpp_script' for CMake config files
[1.013s] Level 1:colcon.colcon_core.shell:create_environment_hook('cpp_script', 'cmake_prefix_path')
[1.013s] INFO:colcon.colcon_core.shell:Creating environment hook '/home/astrox/ros2_ws/install/cpp_script/share/cpp_script/hook/cmake_prefix_path.ps1'
[1.014s] INFO:colcon.colcon_core.shell:Creating environment descriptor '/home/astrox/ros2_ws/install/cpp_script/share/cpp_script/hook/cmake_prefix_path.dsv'
[1.014s] INFO:colcon.colcon_core.shell:Creating environment hook '/home/astrox/ros2_ws/install/cpp_script/share/cpp_script/hook/cmake_prefix_path.sh'
[1.014s] Level 1:colcon.colcon_core.environment:checking '/home/astrox/ros2_ws/install/cpp_script/lib'
[1.014s] Level 1:colcon.colcon_core.environment:checking '/home/astrox/ros2_ws/install/cpp_script/bin'
[1.014s] Level 1:colcon.colcon_core.environment:checking '/home/astrox/ros2_ws/install/cpp_script/lib/pkgconfig/cpp_script.pc'
[1.015s] Level 1:colcon.colcon_core.environment:checking '/home/astrox/ros2_ws/install/cpp_script/lib/python3.12/site-packages'
[1.015s] Level 1:colcon.colcon_core.environment:checking '/home/astrox/ros2_ws/install/cpp_script/bin'
[1.015s] INFO:colcon.colcon_core.shell:Creating package script '/home/astrox/ros2_ws/install/cpp_script/share/cpp_script/package.ps1'
[1.015s] INFO:colcon.colcon_core.shell:Creating package descriptor '/home/astrox/ros2_ws/install/cpp_script/share/cpp_script/package.dsv'
[1.016s] INFO:colcon.colcon_core.shell:Creating package script '/home/astrox/ros2_ws/install/cpp_script/share/cpp_script/package.sh'
[1.016s] INFO:colcon.colcon_core.shell:Creating package script '/home/astrox/ros2_ws/install/cpp_script/share/cpp_script/package.bash'
[1.016s] INFO:colcon.colcon_core.shell:Creating package script '/home/astrox/ros2_ws/install/cpp_script/share/cpp_script/package.zsh'
[1.016s] Level 1:colcon.colcon_core.environment:create_file_with_runtime_dependencies(/home/astrox/ros2_ws/install/cpp_script/share/colcon-core/packages/cpp_script)
[1.236s] DEBUG:colcon.colcon_core.event_handler.log_command:Invoking command in '/home/astrox/ros2_ws/src/py_pubsub': DEBUGINFOD_URLS=https://debuginfod.ubuntu.com PYTHONPATH=/home/astrox/ros2_ws/build/py_pubsub/prefix_override:/usr/lib/python3/dist-packages/colcon_core/task/python/colcon_distutils_commands:/home/astrox/ros2_ws/install/py_pubsub/lib/python3.12/site-packages:${PYTHONPATH} /usr/bin/python3 -W ignore:setup.py install is deprecated setup.py egg_info --egg-base ../../build/py_pubsub build --build-base /home/astrox/ros2_ws/build/py_pubsub/build install --record /home/astrox/ros2_ws/build/py_pubsub/install.log --single-version-externally-managed install_data
[1.237s] DEBUG:colcon.colcon_core.event_handler.log_command:Invoking command in '/home/astrox/ros2_ws/src/python_script': DEBUGINFOD_URLS=https://debuginfod.ubuntu.com PYTHONPATH=/home/astrox/ros2_ws/build/python_script/prefix_override:/usr/lib/python3/dist-packages/colcon_core/task/python/colcon_distutils_commands:/home/astrox/ros2_ws/install/python_script/lib/python3.12/site-packages:${PYTHONPATH} /usr/bin/python3 -W ignore:setup.py install is deprecated setup.py egg_info --egg-base ../../build/python_script build --build-base /home/astrox/ros2_ws/build/python_script/build install --record /home/astrox/ros2_ws/build/python_script/install.log --single-version-externally-managed install_data
[1.722s] Level 1:colcon.colcon_core.environment:checking '/home/astrox/ros2_ws/install/python_script' for CMake module files
[1.723s] DEBUG:colcon.colcon_core.event_handler.log_command:Invoked command in '/home/astrox/ros2_ws/src/python_script' returned '0': DEBUGINFOD_URLS=https://debuginfod.ubuntu.com PYTHONPATH=/home/astrox/ros2_ws/build/python_script/prefix_override:/usr/lib/python3/dist-packages/colcon_core/task/python/colcon_distutils_commands:/home/astrox/ros2_ws/install/python_script/lib/python3.12/site-packages:${PYTHONPATH} /usr/bin/python3 -W ignore:setup.py install is deprecated setup.py egg_info --egg-base ../../build/python_script build --build-base /home/astrox/ros2_ws/build/python_script/build install --record /home/astrox/ros2_ws/build/python_script/install.log --single-version-externally-managed install_data
[1.723s] Level 1:colcon.colcon_core.environment:checking '/home/astrox/ros2_ws/install/python_script' for CMake config files
[1.724s] Level 1:colcon.colcon_core.environment:checking '/home/astrox/ros2_ws/install/python_script/lib'
[1.724s] Level 1:colcon.colcon_core.environment:checking '/home/astrox/ros2_ws/install/python_script/bin'
[1.724s] Level 1:colcon.colcon_core.environment:checking '/home/astrox/ros2_ws/install/python_script/lib/pkgconfig/python_script.pc'
[1.724s] Level 1:colcon.colcon_core.environment:checking '/home/astrox/ros2_ws/install/python_script/lib/python3.12/site-packages'
[1.724s] Level 1:colcon.colcon_core.shell:create_environment_hook('python_script', 'pythonpath')
[1.724s] INFO:colcon.colcon_core.shell:Creating environment hook '/home/astrox/ros2_ws/install/python_script/share/python_script/hook/pythonpath.ps1'
[1.724s] INFO:colcon.colcon_core.shell:Creating environment descriptor '/home/astrox/ros2_ws/install/python_script/share/python_script/hook/pythonpath.dsv'
[1.725s] INFO:colcon.colcon_core.shell:Creating environment hook '/home/astrox/ros2_ws/install/python_script/share/python_script/hook/pythonpath.sh'
[1.725s] Level 1:colcon.colcon_core.environment:checking '/home/astrox/ros2_ws/install/python_script/bin'
[1.725s] Level 1:colcon.colcon_core.environment:create_environment_scripts_only(python_script)
[1.725s] INFO:colcon.colcon_core.shell:Creating package script '/home/astrox/ros2_ws/install/python_script/share/python_script/package.ps1'
[1.726s] INFO:colcon.colcon_core.shell:Creating package descriptor '/home/astrox/ros2_ws/install/python_script/share/python_script/package.dsv'
[1.726s] INFO:colcon.colcon_core.shell:Creating package script '/home/astrox/ros2_ws/install/python_script/share/python_script/package.sh'
[1.726s] INFO:colcon.colcon_core.shell:Creating package script '/home/astrox/ros2_ws/install/python_script/share/python_script/package.bash'
[1.726s] INFO:colcon.colcon_core.shell:Creating package script '/home/astrox/ros2_ws/install/python_script/share/python_script/package.zsh'
[1.727s] Level 1:colcon.colcon_core.environment:create_file_with_runtime_dependencies(/home/astrox/ros2_ws/install/python_script/share/colcon-core/packages/python_script)
[1.728s] Level 1:colcon.colcon_core.environment:checking '/home/astrox/ros2_ws/install/py_pubsub' for CMake module files
[1.728s] DEBUG:colcon.colcon_core.event_handler.log_command:Invoked command in '/home/astrox/ros2_ws/src/py_pubsub' returned '0': DEBUGINFOD_URLS=https://debuginfod.ubuntu.com PYTHONPATH=/home/astrox/ros2_ws/build/py_pubsub/prefix_override:/usr/lib/python3/dist-packages/colcon_core/task/python/colcon_distutils_commands:/home/astrox/ros2_ws/install/py_pubsub/lib/python3.12/site-packages:${PYTHONPATH} /usr/bin/python3 -W ignore:setup.py install is deprecated setup.py egg_info --egg-base ../../build/py_pubsub build --build-base /home/astrox/ros2_ws/build/py_pubsub/build install --record /home/astrox/ros2_ws/build/py_pubsub/install.log --single-version-externally-managed install_data
[1.728s] Level 1:colcon.colcon_core.environment:checking '/home/astrox/ros2_ws/install/py_pubsub' for CMake config files
[1.729s] Level 1:colcon.colcon_core.environment:checking '/home/astrox/ros2_ws/install/py_pubsub/lib'
[1.729s] Level 1:colcon.colcon_core.environment:checking '/home/astrox/ros2_ws/install/py_pubsub/bin'
[1.729s] Level 1:colcon.colcon_core.environment:checking '/home/astrox/ros2_ws/install/py_pubsub/lib/pkgconfig/py_pubsub.pc'
[1.729s] Level 1:colcon.colcon_core.environment:checking '/home/astrox/ros2_ws/install/py_pubsub/lib/python3.12/site-packages'
[1.729s] Level 1:colcon.colcon_core.shell:create_environment_hook('py_pubsub', 'pythonpath')
[1.730s] INFO:colcon.colcon_core.shell:Creating environment hook '/home/astrox/ros2_ws/install/py_pubsub/share/py_pubsub/hook/pythonpath.ps1'
[1.730s] INFO:colcon.colcon_core.shell:Creating environment descriptor '/home/astrox/ros2_ws/install/py_pubsub/share/py_pubsub/hook/pythonpath.dsv'
[1.731s] INFO:colcon.colcon_core.shell:Creating environment hook '/home/astrox/ros2_ws/install/py_pubsub/share/py_pubsub/hook/pythonpath.sh'
[1.731s] Level 1:colcon.colcon_core.environment:checking '/home/astrox/ros2_ws/install/py_pubsub/bin'
[1.731s] Level 1:colcon.colcon_core.environment:create_environment_scripts_only(py_pubsub)
[1.732s] INFO:colcon.colcon_core.shell:Creating package script '/home/astrox/ros2_ws/install/py_pubsub/share/py_pubsub/package.ps1'
[1.732s] INFO:colcon.colcon_core.shell:Creating package descriptor '/home/astrox/ros2_ws/install/py_pubsub/share/py_pubsub/package.dsv'
[1.732s] INFO:colcon.colcon_core.shell:Creating package script '/home/astrox/ros2_ws/install/py_pubsub/share/py_pubsub/package.sh'
[1.733s] INFO:colcon.colcon_core.shell:Creating package script '/home/astrox/ros2_ws/install/py_pubsub/share/py_pubsub/package.bash'
[1.733s] INFO:colcon.colcon_core.shell:Creating package script '/home/astrox/ros2_ws/install/py_pubsub/share/py_pubsub/package.zsh'
[1.733s] Level 1:colcon.colcon_core.environment:create_file_with_runtime_dependencies(/home/astrox/ros2_ws/install/py_pubsub/share/colcon-core/packages/py_pubsub)
[1.733s] DEBUG:colcon.colcon_parallel_executor.executor.parallel:closing loop
[1.734s] DEBUG:colcon.colcon_parallel_executor.executor.parallel:loop closed
[1.734s] DEBUG:colcon.colcon_parallel_executor.executor.parallel:run_until_complete finished with '0'
[1.734s] DEBUG:colcon.colcon_core.event_reactor:joining thread
[1.739s] INFO:colcon.colcon_core.plugin_system:Skipping extension 'colcon_notification.desktop_notification.terminal_notifier': Not used on non-Darwin systems
[1.740s] INFO:colcon.colcon_core.plugin_system:Skipping extension 'colcon_notification.desktop_notification.win32': Not used on non-Windows systems
[1.740s] INFO:colcon.colcon_notification.desktop_notification:Sending desktop notification using 'notify2'
[1.760s] DEBUG:colcon.colcon_core.event_reactor:joined thread
[1.760s] INFO:colcon.colcon_core.shell:Creating prefix script '/home/astrox/ros2_ws/install/local_setup.ps1'
[1.761s] INFO:colcon.colcon_core.shell:Creating prefix util module '/home/astrox/ros2_ws/install/_local_setup_util_ps1.py'
[1.762s] INFO:colcon.colcon_core.shell:Creating prefix chain script '/home/astrox/ros2_ws/install/setup.ps1'
[1.763s] INFO:colcon.colcon_core.shell:Creating prefix script '/home/astrox/ros2_ws/install/local_setup.sh'
[1.764s] INFO:colcon.colcon_core.shell:Creating prefix util module '/home/astrox/ros2_ws/install/_local_setup_util_sh.py'
[1.764s] INFO:colcon.colcon_core.shell:Creating prefix chain script '/home/astrox/ros2_ws/install/setup.sh'
[1.765s] INFO:colcon.colcon_core.shell:Creating prefix script '/home/astrox/ros2_ws/install/local_setup.bash'
[1.766s] INFO:colcon.colcon_core.shell:Creating prefix chain script '/home/astrox/ros2_ws/install/setup.bash'
[1.767s] INFO:colcon.colcon_core.shell:Creating prefix script '/home/astrox/ros2_ws/install/local_setup.zsh'
[1.767s] INFO:colcon.colcon_core.shell:Creating prefix chain script '/home/astrox/ros2_ws/install/setup.zsh'
