[0.009s] Invoking command in '/home/astrox/ros2_ws/build/cpp_script': CMAKE_PREFIX_PATH=${CMAKE_PREFIX_PATH}:/home/astrox/ros2_ws/install/py_pubsub:/opt/ros/jazzy DEBUGINFOD_URLS=https://debuginfod.ubuntu.com /usr/bin/cmake --build /home/astrox/ros2_ws/build/cpp_script -- -j12 -l12
[0.026s] -- Found ament_cmake: 2.5.2 (/opt/ros/jazzy/share/ament_cmake/cmake)
[0.195s] -- Found rclcpp: 28.1.3 (/opt/ros/jazzy/share/rclcpp/cmake)
[0.216s] -- Found rosidl_generator_c: 4.6.3 (/opt/ros/jazzy/share/rosidl_generator_c/cmake)
[0.224s] -- Found rosidl_generator_cpp: 4.6.3 (/opt/ros/jazzy/share/rosidl_generator_cpp/cmake)
[0.234s] -- Using all available rosidl_typesupport_c: rosidl_typesupport_fastrtps_c;rosidl_typesupport_introspection_c
[0.246s] -- Using all available rosidl_typesupport_cpp: rosidl_typesupport_fastrtps_cpp;rosidl_typesupport_introspection_cpp
[0.301s] -- Found rmw_implementation_cmake: 7.3.1 (/opt/ros/jazzy/share/rmw_implementation_cmake/cmake)
[0.302s] -- Found rmw_fastrtps_cpp: 8.4.1 (/opt/ros/jazzy/share/rmw_fastrtps_cpp/cmake)
[0.351s] -- Using RMW implementation 'rmw_fastrtps_cpp' as default
[0.407s] -- Found geometry_msgs: 5.3.5 (/opt/ros/jazzy/share/geometry_msgs/cmake)
[0.507s] -- Configuring done (0.5s)
[0.515s] -- Generating done (0.0s)
[0.516s] -- Build files have been written to: /home/astrox/ros2_ws/build/cpp_script
[0.547s] [100%] Built target twist_subscriber_node
[0.554s] Invoked command in '/home/astrox/ros2_ws/build/cpp_script' returned '0': CMAKE_PREFIX_PATH=${CMAKE_PREFIX_PATH}:/home/astrox/ros2_ws/install/py_pubsub:/opt/ros/jazzy DEBUGINFOD_URLS=https://debuginfod.ubuntu.com /usr/bin/cmake --build /home/astrox/ros2_ws/build/cpp_script -- -j12 -l12
[0.575s] Invoking command in '/home/astrox/ros2_ws/build/cpp_script': CMAKE_PREFIX_PATH=${CMAKE_PREFIX_PATH}:/home/astrox/ros2_ws/install/py_pubsub:/opt/ros/jazzy DEBUGINFOD_URLS=https://debuginfod.ubuntu.com /usr/bin/cmake --install /home/astrox/ros2_ws/build/cpp_script
[0.581s] -- Install configuration: ""
[0.581s] -- Up-to-date: /home/astrox/ros2_ws/install/cpp_script/lib/cpp_script/twist_subscriber_node
[0.581s] -- Up-to-date: /home/astrox/ros2_ws/install/cpp_script/share/ament_index/resource_index/package_run_dependencies/cpp_script
[0.581s] -- Up-to-date: /home/astrox/ros2_ws/install/cpp_script/share/ament_index/resource_index/parent_prefix_path/cpp_script
[0.581s] -- Up-to-date: /home/astrox/ros2_ws/install/cpp_script/share/cpp_script/environment/ament_prefix_path.sh
[0.581s] -- Up-to-date: /home/astrox/ros2_ws/install/cpp_script/share/cpp_script/environment/ament_prefix_path.dsv
[0.581s] -- Up-to-date: /home/astrox/ros2_ws/install/cpp_script/share/cpp_script/environment/path.sh
[0.581s] -- Up-to-date: /home/astrox/ros2_ws/install/cpp_script/share/cpp_script/environment/path.dsv
[0.581s] -- Up-to-date: /home/astrox/ros2_ws/install/cpp_script/share/cpp_script/local_setup.bash
[0.581s] -- Up-to-date: /home/astrox/ros2_ws/install/cpp_script/share/cpp_script/local_setup.sh
[0.581s] -- Up-to-date: /home/astrox/ros2_ws/install/cpp_script/share/cpp_script/local_setup.zsh
[0.581s] -- Up-to-date: /home/astrox/ros2_ws/install/cpp_script/share/cpp_script/local_setup.dsv
[0.581s] -- Installing: /home/astrox/ros2_ws/install/cpp_script/share/cpp_script/package.dsv
[0.581s] -- Up-to-date: /home/astrox/ros2_ws/install/cpp_script/share/ament_index/resource_index/packages/cpp_script
[0.581s] -- Up-to-date: /home/astrox/ros2_ws/install/cpp_script/share/cpp_script/cmake/cpp_scriptConfig.cmake
[0.582s] -- Up-to-date: /home/astrox/ros2_ws/install/cpp_script/share/cpp_script/cmake/cpp_scriptConfig-version.cmake
[0.582s] -- Up-to-date: /home/astrox/ros2_ws/install/cpp_script/share/cpp_script/package.xml
[0.582s] Invoked command in '/home/astrox/ros2_ws/build/cpp_script' returned '0': CMAKE_PREFIX_PATH=${CMAKE_PREFIX_PATH}:/home/astrox/ros2_ws/install/py_pubsub:/opt/ros/jazzy DEBUGINFOD_URLS=https://debuginfod.ubuntu.com /usr/bin/cmake --install /home/astrox/ros2_ws/build/cpp_script
