[0.009s] Invoking command in '/home/astrox/ros2_ws/build/cpp_script': CMAKE_PREFIX_PATH=${CMAKE_PREFIX_PATH}:/home/astrox/ros2_ws/install/py_pubsub:/opt/ros/jazzy DEBUGINFOD_URLS=https://debuginfod.ubuntu.com /usr/bin/cmake /home/astrox/ros2_ws/src/cpp_script -DCMAKE_INSTALL_PREFIX=/home/astrox/ros2_ws/install/cpp_script
[0.018s] -- Found ament_cmake: 2.5.2 (/opt/ros/jazzy/share/ament_cmake/cmake)
[0.196s] -- Found rclcpp: 28.1.3 (/opt/ros/jazzy/share/rclcpp/cmake)
[0.218s] -- Found rosidl_generator_c: 4.6.3 (/opt/ros/jazzy/share/rosidl_generator_c/cmake)
[0.226s] -- Found rosidl_generator_cpp: 4.6.3 (/opt/ros/jazzy/share/rosidl_generator_cpp/cmake)
[0.236s] -- Using all available rosidl_typesupport_c: rosidl_typesupport_fastrtps_c;rosidl_typesupport_introspection_c
[0.248s] -- Using all available rosidl_typesupport_cpp: rosidl_typesupport_fastrtps_cpp;rosidl_typesupport_introspection_cpp
[0.302s] -- Found rmw_implementation_cmake: 7.3.1 (/opt/ros/jazzy/share/rmw_implementation_cmake/cmake)
[0.303s] -- Found rmw_fastrtps_cpp: 8.4.1 (/opt/ros/jazzy/share/rmw_fastrtps_cpp/cmake)
[0.352s] -- Using RMW implementation 'rmw_fastrtps_cpp' as default
[0.408s] -- Found geometry_msgs: 5.3.5 (/opt/ros/jazzy/share/geometry_msgs/cmake)
[0.439s] -- Found ament_lint_auto: 0.17.1 (/opt/ros/jazzy/share/ament_lint_auto/cmake)
[0.528s] -- Added test 'cppcheck' to perform static code analysis on C / C++ code
[0.528s] -- Configured cppcheck include dirs: 
[0.528s] -- Configured cppcheck exclude dirs and/or files: 
[0.529s] -- Added test 'lint_cmake' to check CMake code style
[0.530s] -- Added test 'uncrustify' to check C / C++ code style
[0.530s] -- Configured uncrustify additional arguments: 
[0.531s] -- Added test 'xmllint' to check XML markup files
[0.532s] -- Configuring done (0.5s)
[0.533s] [31mCMake Error at CMakeLists.txt:16 (add_executable):
[0.533s]   Cannot find source file:
[0.533s] 
[0.533s]     src/twist_subscriber_node.cpp
[0.533s] 
[0.534s]   Tried extensions .c .C .c++ .cc .cpp .cxx .cu .mpp .m .M .mm .ixx .cppm
[0.534s]   .ccm .cxxm .c++m .h .hh .h++ .hm .hpp .hxx .in .txx .f .F .for .f77 .f90
[0.534s]   .f95 .f03 .hip .ispc
[0.534s] 
[0.534s] [0m
[0.535s] [31mCMake Error at CMakeLists.txt:16 (add_executable):
[0.535s]   No SOURCES given to target: twist_subscriber_node
[0.535s] 
[0.535s] [0m
[0.535s] [0mCMake Generate step failed.  Build files cannot be regenerated correctly.[0m
[0.540s] Invoked command in '/home/astrox/ros2_ws/build/cpp_script' returned '1': CMAKE_PREFIX_PATH=${CMAKE_PREFIX_PATH}:/home/astrox/ros2_ws/install/py_pubsub:/opt/ros/jazzy DEBUGINFOD_URLS=https://debuginfod.ubuntu.com /usr/bin/cmake /home/astrox/ros2_ws/src/cpp_script -DCMAKE_INSTALL_PREFIX=/home/astrox/ros2_ws/install/cpp_script
