[0.015s] Invoking command in '/home/astrox/ros2_ws/build/cpp_script': CMAKE_PREFIX_PATH=${CMAKE_PREFIX_PATH}:/home/astrox/ros2_ws/install/py_pubsub:/opt/ros/jazzy DEBUGINFOD_URLS=https://debuginfod.ubuntu.com /usr/bin/cmake --build /home/astrox/ros2_ws/build/cpp_script -- -j12 -l12
[0.211s] [100%] Built target twist_subscriber_node
[0.399s] Invoked command in '/home/astrox/ros2_ws/build/cpp_script' returned '0': CMAKE_PREFIX_PATH=${CMAKE_PREFIX_PATH}:/home/astrox/ros2_ws/install/py_pubsub:/opt/ros/jazzy DEBUGINFOD_URLS=https://debuginfod.ubuntu.com /usr/bin/cmake --build /home/astrox/ros2_ws/build/cpp_script -- -j12 -l12
[0.421s] Invoking command in '/home/astrox/ros2_ws/build/cpp_script': CMAKE_PREFIX_PATH=${CMAKE_PREFIX_PATH}:/home/astrox/ros2_ws/install/py_pubsub:/opt/ros/jazzy DEBUGINFOD_URLS=https://debuginfod.ubuntu.com /usr/bin/cmake --install /home/astrox/ros2_ws/build/cpp_script
[0.427s] -- Install configuration: ""
[0.427s] -- Up-to-date: /home/astrox/ros2_ws/install/cpp_script/lib/cpp_script/twist_subscriber_node
[0.427s] -- Up-to-date: /home/astrox/ros2_ws/install/cpp_script/share/ament_index/resource_index/package_run_dependencies/cpp_script
[0.428s] -- Up-to-date: /home/astrox/ros2_ws/install/cpp_script/share/ament_index/resource_index/parent_prefix_path/cpp_script
[0.428s] -- Up-to-date: /home/astrox/ros2_ws/install/cpp_script/share/cpp_script/environment/ament_prefix_path.sh
[0.428s] -- Up-to-date: /home/astrox/ros2_ws/install/cpp_script/share/cpp_script/environment/ament_prefix_path.dsv
[0.428s] -- Up-to-date: /home/astrox/ros2_ws/install/cpp_script/share/cpp_script/environment/path.sh
[0.428s] -- Up-to-date: /home/astrox/ros2_ws/install/cpp_script/share/cpp_script/environment/path.dsv
[0.428s] -- Up-to-date: /home/astrox/ros2_ws/install/cpp_script/share/cpp_script/local_setup.bash
[0.429s] -- Up-to-date: /home/astrox/ros2_ws/install/cpp_script/share/cpp_script/local_setup.sh
[0.429s] -- Up-to-date: /home/astrox/ros2_ws/install/cpp_script/share/cpp_script/local_setup.zsh
[0.430s] -- Up-to-date: /home/astrox/ros2_ws/install/cpp_script/share/cpp_script/local_setup.dsv
[0.430s] -- Installing: /home/astrox/ros2_ws/install/cpp_script/share/cpp_script/package.dsv
[0.430s] -- Up-to-date: /home/astrox/ros2_ws/install/cpp_script/share/ament_index/resource_index/packages/cpp_script
[0.430s] -- Up-to-date: /home/astrox/ros2_ws/install/cpp_script/share/cpp_script/cmake/cpp_scriptConfig.cmake
[0.430s] -- Up-to-date: /home/astrox/ros2_ws/install/cpp_script/share/cpp_script/cmake/cpp_scriptConfig-version.cmake
[0.431s] -- Up-to-date: /home/astrox/ros2_ws/install/cpp_script/share/cpp_script/package.xml
[0.436s] Invoked command in '/home/astrox/ros2_ws/build/cpp_script' returned '0': CMAKE_PREFIX_PATH=${CMAKE_PREFIX_PATH}:/home/astrox/ros2_ws/install/py_pubsub:/opt/ros/jazzy DEBUGINFOD_URLS=https://debuginfod.ubuntu.com /usr/bin/cmake --install /home/astrox/ros2_ws/build/cpp_script
