running egg_info
creating ../../build/python_script/python_script.egg-info
writing ../../build/python_script/python_script.egg-info/PKG-INFO
writing dependency_links to ../../build/python_script/python_script.egg-info/dependency_links.txt
writing requirements to ../../build/python_script/python_script.egg-info/requires.txt
writing top-level names to ../../build/python_script/python_script.egg-info/top_level.txt
writing manifest file '../../build/python_script/python_script.egg-info/SOURCES.txt'
reading manifest file '../../build/python_script/python_script.egg-info/SOURCES.txt'
writing manifest file '../../build/python_script/python_script.egg-info/SOURCES.txt'
running build
running build_py
creating /home/astrox/ros2_ws/build/python_script/build
creating /home/astrox/ros2_ws/build/python_script/build/lib
creating /home/astrox/ros2_ws/build/python_script/build/lib/python_script
copying python_script/__init__.py -> /home/astrox/ros2_ws/build/python_script/build/lib/python_script
running install
running install_lib
creating /home/astrox/ros2_ws/install/python_script/lib/python3.12/site-packages/python_script
copying /home/astrox/ros2_ws/build/python_script/build/lib/python_script/__init__.py -> /home/astrox/ros2_ws/install/python_script/lib/python3.12/site-packages/python_script
byte-compiling /home/astrox/ros2_ws/install/python_script/lib/python3.12/site-packages/python_script/__init__.py to __init__.cpython-312.pyc
running install_data
creating /home/astrox/ros2_ws/install/python_script/share/ament_index
creating /home/astrox/ros2_ws/install/python_script/share/ament_index/resource_index
creating /home/astrox/ros2_ws/install/python_script/share/ament_index/resource_index/packages
copying resource/python_script -> /home/astrox/ros2_ws/install/python_script/share/ament_index/resource_index/packages
copying package.xml -> /home/astrox/ros2_ws/install/python_script/share/python_script
running install_egg_info
Copying ../../build/python_script/python_script.egg-info to /home/astrox/ros2_ws/install/python_script/lib/python3.12/site-packages/python_script-0.0.0-py3.12.egg-info
running install_scripts
writing list of installed files to '/home/astrox/ros2_ws/build/python_script/install.log'
