[0.995s] Invoking command in '/home/astrox/ros2_ws/src/python_script': DEBUGINFOD_URLS=https://debuginfod.ubuntu.com PYTHONPATH=/home/astrox/ros2_ws/build/python_script/prefix_override:/usr/lib/python3/dist-packages/colcon_core/task/python/colcon_distutils_commands:/home/astrox/ros2_ws/install/python_script/lib/python3.12/site-packages:${PYTHONPATH} /usr/bin/python3 -W ignore:setup.py install is deprecated setup.py egg_info --egg-base ../../build/python_script build --build-base /home/astrox/ros2_ws/build/python_script/build install --record /home/astrox/ros2_ws/build/python_script/install.log --single-version-externally-managed install_data
[1.233s] running egg_info
[1.233s] creating ../../build/python_script/python_script.egg-info
[1.250s] writing ../../build/python_script/python_script.egg-info/PKG-INFO
[1.250s] writing dependency_links to ../../build/python_script/python_script.egg-info/dependency_links.txt
[1.251s] writing requirements to ../../build/python_script/python_script.egg-info/requires.txt
[1.251s] writing top-level names to ../../build/python_script/python_script.egg-info/top_level.txt
[1.251s] writing manifest file '../../build/python_script/python_script.egg-info/SOURCES.txt'
[1.287s] reading manifest file '../../build/python_script/python_script.egg-info/SOURCES.txt'
[1.288s] writing manifest file '../../build/python_script/python_script.egg-info/SOURCES.txt'
[1.288s] running build
[1.288s] running build_py
[1.288s] creating /home/astrox/ros2_ws/build/python_script/build
[1.288s] creating /home/astrox/ros2_ws/build/python_script/build/lib
[1.288s] creating /home/astrox/ros2_ws/build/python_script/build/lib/python_script
[1.288s] copying python_script/__init__.py -> /home/astrox/ros2_ws/build/python_script/build/lib/python_script
[1.288s] running install
[1.294s] running install_lib
[1.312s] creating /home/astrox/ros2_ws/install/python_script/lib/python3.12/site-packages/python_script
[1.313s] copying /home/astrox/ros2_ws/build/python_script/build/lib/python_script/__init__.py -> /home/astrox/ros2_ws/install/python_script/lib/python3.12/site-packages/python_script
[1.313s] byte-compiling /home/astrox/ros2_ws/install/python_script/lib/python3.12/site-packages/python_script/__init__.py to __init__.cpython-312.pyc
[1.313s] running install_data
[1.313s] creating /home/astrox/ros2_ws/install/python_script/share/ament_index
[1.314s] creating /home/astrox/ros2_ws/install/python_script/share/ament_index/resource_index
[1.314s] creating /home/astrox/ros2_ws/install/python_script/share/ament_index/resource_index/packages
[1.314s] copying resource/python_script -> /home/astrox/ros2_ws/install/python_script/share/ament_index/resource_index/packages
[1.314s] copying package.xml -> /home/astrox/ros2_ws/install/python_script/share/python_script
[1.314s] running install_egg_info
[1.333s] Copying ../../build/python_script/python_script.egg-info to /home/astrox/ros2_ws/install/python_script/lib/python3.12/site-packages/python_script-0.0.0-py3.12.egg-info
[1.333s] running install_scripts
[1.454s] writing list of installed files to '/home/astrox/ros2_ws/build/python_script/install.log'
[1.482s] Invoked command in '/home/astrox/ros2_ws/src/python_script' returned '0': DEBUGINFOD_URLS=https://debuginfod.ubuntu.com PYTHONPATH=/home/astrox/ros2_ws/build/python_script/prefix_override:/usr/lib/python3/dist-packages/colcon_core/task/python/colcon_distutils_commands:/home/astrox/ros2_ws/install/python_script/lib/python3.12/site-packages:${PYTHONPATH} /usr/bin/python3 -W ignore:setup.py install is deprecated setup.py egg_info --egg-base ../../build/python_script build --build-base /home/astrox/ros2_ws/build/python_script/build install --record /home/astrox/ros2_ws/build/python_script/install.log --single-version-externally-managed install_data
