[0.093s] DEBUG:colcon:Command line arguments: ['/usr/bin/colcon', 'build']
[0.093s] DEBUG:colcon:Parsed command line arguments: Namespace(log_base=None, log_level=None, verb_name='build', build_base='build', install_base='install', merge_install=False, symlink_install=False, test_result_base=None, continue_on_error=False, executor='parallel', parallel_workers=12, event_handlers=None, ignore_user_meta=False, metas=['./colcon.meta'], base_paths=['.'], packages_ignore=None, packages_ignore_regex=None, paths=None, packages_up_to=None, packages_up_to_regex=None, packages_above=None, packages_above_and_dependencies=None, packages_above_depth=None, packages_select_by_dep=None, packages_skip_by_dep=None, packages_skip_up_to=None, packages_select_build_failed=False, packages_skip_build_finished=False, packages_select_test_failures=False, packages_skip_test_passed=False, packages_select=None, packages_skip=None, packages_select_regex=None, packages_skip_regex=None, packages_start=None, packages_end=None, allow_overriding=[], cmake_args=None, cmake_target=None, cmake_target_skip_unavailable=False, cmake_clean_cache=False, cmake_clean_first=False, cmake_force_configure=False, ament_cmake_args=None, catkin_cmake_args=None, catkin_skip_building_tests=False, mixin_files=None, mixin=None, verb_parser=<colcon_mixin.mixin.mixin_argument.MixinArgumentDecorator object at 0x7789fcc79790>, verb_extension=<colcon_core.verb.build.BuildVerb object at 0x7789fcc23170>, main=<bound method BuildVerb.main of <colcon_core.verb.build.BuildVerb object at 0x7789fcc23170>>, mixin_verb=('build',))
[0.123s] Level 1:colcon.colcon_core.package_discovery:discover_packages(colcon_meta) check parameters
[0.124s] Level 1:colcon.colcon_core.package_discovery:discover_packages(recursive) check parameters
[0.124s] Level 1:colcon.colcon_core.package_discovery:discover_packages(ignore) check parameters
[0.124s] Level 1:colcon.colcon_core.package_discovery:discover_packages(path) check parameters
[0.124s] Level 1:colcon.colcon_core.package_discovery:discover_packages(colcon_meta) discover
[0.124s] Level 1:colcon.colcon_core.package_discovery:discover_packages(recursive) discover
[0.124s] INFO:colcon.colcon_core.package_discovery:Crawling recursively for packages in '/home/astrox/ros2_ws'
[0.124s] Level 1:colcon.colcon_core.package_identification:_identify(.) by extensions ['ignore', 'ignore_ament_install']
[0.124s] Level 1:colcon.colcon_core.package_identification:_identify(.) by extension 'ignore'
[0.124s] Level 1:colcon.colcon_core.package_identification:_identify(.) by extension 'ignore_ament_install'
[0.124s] Level 1:colcon.colcon_core.package_identification:_identify(.) by extensions ['colcon_pkg']
[0.124s] Level 1:colcon.colcon_core.package_identification:_identify(.) by extension 'colcon_pkg'
[0.124s] Level 1:colcon.colcon_core.package_identification:_identify(.) by extensions ['colcon_meta']
[0.124s] Level 1:colcon.colcon_core.package_identification:_identify(.) by extension 'colcon_meta'
[0.124s] Level 1:colcon.colcon_core.package_identification:_identify(.) by extensions ['ros']
[0.124s] Level 1:colcon.colcon_core.package_identification:_identify(.) by extension 'ros'
[0.145s] Level 1:colcon.colcon_core.package_identification:_identify(.) by extensions ['cmake', 'python']
[0.145s] Level 1:colcon.colcon_core.package_identification:_identify(.) by extension 'cmake'
[0.145s] Level 1:colcon.colcon_core.package_identification:_identify(.) by extension 'python'
[0.145s] Level 1:colcon.colcon_core.package_identification:_identify(.) by extensions ['python_setup_py']
[0.145s] Level 1:colcon.colcon_core.package_identification:_identify(.) by extension 'python_setup_py'
[0.145s] Level 1:colcon.colcon_core.package_identification:_identify(build) by extensions ['ignore', 'ignore_ament_install']
[0.146s] Level 1:colcon.colcon_core.package_identification:_identify(build) by extension 'ignore'
[0.146s] Level 1:colcon.colcon_core.package_identification:_identify(build) ignored
[0.146s] Level 1:colcon.colcon_core.package_identification:_identify(install) by extensions ['ignore', 'ignore_ament_install']
[0.146s] Level 1:colcon.colcon_core.package_identification:_identify(install) by extension 'ignore'
[0.146s] Level 1:colcon.colcon_core.package_identification:_identify(install) ignored
[0.146s] Level 1:colcon.colcon_core.package_identification:_identify(log) by extensions ['ignore', 'ignore_ament_install']
[0.146s] Level 1:colcon.colcon_core.package_identification:_identify(log) by extension 'ignore'
[0.146s] Level 1:colcon.colcon_core.package_identification:_identify(log) ignored
[0.146s] Level 1:colcon.colcon_core.package_identification:_identify(src) by extensions ['ignore', 'ignore_ament_install']
[0.146s] Level 1:colcon.colcon_core.package_identification:_identify(src) by extension 'ignore'
[0.146s] Level 1:colcon.colcon_core.package_identification:_identify(src) by extension 'ignore_ament_install'
[0.146s] Level 1:colcon.colcon_core.package_identification:_identify(src) by extensions ['colcon_pkg']
[0.146s] Level 1:colcon.colcon_core.package_identification:_identify(src) by extension 'colcon_pkg'
[0.146s] Level 1:colcon.colcon_core.package_identification:_identify(src) by extensions ['colcon_meta']
[0.146s] Level 1:colcon.colcon_core.package_identification:_identify(src) by extension 'colcon_meta'
[0.146s] Level 1:colcon.colcon_core.package_identification:_identify(src) by extensions ['ros']
[0.146s] Level 1:colcon.colcon_core.package_identification:_identify(src) by extension 'ros'
[0.147s] Level 1:colcon.colcon_core.package_identification:_identify(src) by extensions ['cmake', 'python']
[0.147s] Level 1:colcon.colcon_core.package_identification:_identify(src) by extension 'cmake'
[0.147s] Level 1:colcon.colcon_core.package_identification:_identify(src) by extension 'python'
[0.147s] Level 1:colcon.colcon_core.package_identification:_identify(src) by extensions ['python_setup_py']
[0.147s] Level 1:colcon.colcon_core.package_identification:_identify(src) by extension 'python_setup_py'
[0.147s] Level 1:colcon.colcon_core.package_identification:_identify(src/cpp_pubsub) by extensions ['ignore', 'ignore_ament_install']
[0.147s] Level 1:colcon.colcon_core.package_identification:_identify(src/cpp_pubsub) by extension 'ignore'
[0.147s] Level 1:colcon.colcon_core.package_identification:_identify(src/cpp_pubsub) by extension 'ignore_ament_install'
[0.147s] Level 1:colcon.colcon_core.package_identification:_identify(src/cpp_pubsub) by extensions ['colcon_pkg']
[0.147s] Level 1:colcon.colcon_core.package_identification:_identify(src/cpp_pubsub) by extension 'colcon_pkg'
[0.147s] Level 1:colcon.colcon_core.package_identification:_identify(src/cpp_pubsub) by extensions ['colcon_meta']
[0.147s] Level 1:colcon.colcon_core.package_identification:_identify(src/cpp_pubsub) by extension 'colcon_meta'
[0.147s] Level 1:colcon.colcon_core.package_identification:_identify(src/cpp_pubsub) by extensions ['ros']
[0.147s] Level 1:colcon.colcon_core.package_identification:_identify(src/cpp_pubsub) by extension 'ros'
[0.149s] DEBUG:colcon.colcon_core.package_identification:Package 'src/cpp_pubsub' with type 'ros.ament_cmake' and name 'cpp_pubsub'
[0.149s] Level 1:colcon.colcon_core.package_identification:_identify(src/cpp_script) by extensions ['ignore', 'ignore_ament_install']
[0.149s] Level 1:colcon.colcon_core.package_identification:_identify(src/cpp_script) by extension 'ignore'
[0.149s] Level 1:colcon.colcon_core.package_identification:_identify(src/cpp_script) by extension 'ignore_ament_install'
[0.149s] Level 1:colcon.colcon_core.package_identification:_identify(src/cpp_script) by extensions ['colcon_pkg']
[0.149s] Level 1:colcon.colcon_core.package_identification:_identify(src/cpp_script) by extension 'colcon_pkg'
[0.149s] Level 1:colcon.colcon_core.package_identification:_identify(src/cpp_script) by extensions ['colcon_meta']
[0.149s] Level 1:colcon.colcon_core.package_identification:_identify(src/cpp_script) by extension 'colcon_meta'
[0.149s] Level 1:colcon.colcon_core.package_identification:_identify(src/cpp_script) by extensions ['ros']
[0.149s] Level 1:colcon.colcon_core.package_identification:_identify(src/cpp_script) by extension 'ros'
[0.150s] DEBUG:colcon.colcon_core.package_identification:Package 'src/cpp_script' with type 'ros.ament_cmake' and name 'cpp_script'
[0.150s] Level 1:colcon.colcon_core.package_identification:_identify(src/py_pubsub) by extensions ['ignore', 'ignore_ament_install']
[0.150s] Level 1:colcon.colcon_core.package_identification:_identify(src/py_pubsub) by extension 'ignore'
[0.150s] Level 1:colcon.colcon_core.package_identification:_identify(src/py_pubsub) by extension 'ignore_ament_install'
[0.150s] Level 1:colcon.colcon_core.package_identification:_identify(src/py_pubsub) by extensions ['colcon_pkg']
[0.150s] Level 1:colcon.colcon_core.package_identification:_identify(src/py_pubsub) by extension 'colcon_pkg'
[0.150s] Level 1:colcon.colcon_core.package_identification:_identify(src/py_pubsub) by extensions ['colcon_meta']
[0.150s] Level 1:colcon.colcon_core.package_identification:_identify(src/py_pubsub) by extension 'colcon_meta'
[0.150s] Level 1:colcon.colcon_core.package_identification:_identify(src/py_pubsub) by extensions ['ros']
[0.150s] Level 1:colcon.colcon_core.package_identification:_identify(src/py_pubsub) by extension 'ros'
[0.150s] DEBUG:colcon.colcon_core.package_identification:Package 'src/py_pubsub' with type 'ros.ament_python' and name 'py_pubsub'
[0.150s] Level 1:colcon.colcon_core.package_identification:_identify(src/python_script) by extensions ['ignore', 'ignore_ament_install']
[0.151s] Level 1:colcon.colcon_core.package_identification:_identify(src/python_script) by extension 'ignore'
[0.151s] Level 1:colcon.colcon_core.package_identification:_identify(src/python_script) by extension 'ignore_ament_install'
[0.151s] Level 1:colcon.colcon_core.package_identification:_identify(src/python_script) by extensions ['colcon_pkg']
[0.151s] Level 1:colcon.colcon_core.package_identification:_identify(src/python_script) by extension 'colcon_pkg'
[0.151s] Level 1:colcon.colcon_core.package_identification:_identify(src/python_script) by extensions ['colcon_meta']
[0.151s] Level 1:colcon.colcon_core.package_identification:_identify(src/python_script) by extension 'colcon_meta'
[0.151s] Level 1:colcon.colcon_core.package_identification:_identify(src/python_script) by extensions ['ros']
[0.151s] Level 1:colcon.colcon_core.package_identification:_identify(src/python_script) by extension 'ros'
[0.151s] DEBUG:colcon.colcon_core.package_identification:Package 'src/python_script' with type 'ros.ament_python' and name 'python_script'
[0.151s] Level 1:colcon.colcon_core.package_discovery:discover_packages(recursive) using defaults
[0.151s] Level 1:colcon.colcon_core.package_discovery:discover_packages(ignore) discover
[0.151s] Level 1:colcon.colcon_core.package_discovery:discover_packages(ignore) using defaults
[0.151s] Level 1:colcon.colcon_core.package_discovery:discover_packages(path) discover
[0.151s] Level 1:colcon.colcon_core.package_discovery:discover_packages(path) using defaults
[0.166s] Level 1:colcon.colcon_core.package_discovery:discover_packages(prefix_path) check parameters
[0.166s] Level 1:colcon.colcon_core.package_discovery:discover_packages(prefix_path) discover
[0.167s] DEBUG:colcon.colcon_installed_package_information.package_discovery:Found 4 installed packages in /home/astrox/ros2_ws/install
[0.169s] DEBUG:colcon.colcon_installed_package_information.package_discovery:Found 285 installed packages in /opt/ros/jazzy
[0.169s] Level 1:colcon.colcon_core.package_discovery:discover_packages(prefix_path) using defaults
[0.208s] Level 5:colcon.colcon_core.verb:set package 'cpp_pubsub' build argument 'cmake_args' from command line to 'None'
[0.208s] Level 5:colcon.colcon_core.verb:set package 'cpp_pubsub' build argument 'cmake_target' from command line to 'None'
[0.208s] Level 5:colcon.colcon_core.verb:set package 'cpp_pubsub' build argument 'cmake_target_skip_unavailable' from command line to 'False'
[0.208s] Level 5:colcon.colcon_core.verb:set package 'cpp_pubsub' build argument 'cmake_clean_cache' from command line to 'False'
[0.208s] Level 5:colcon.colcon_core.verb:set package 'cpp_pubsub' build argument 'cmake_clean_first' from command line to 'False'
[0.208s] Level 5:colcon.colcon_core.verb:set package 'cpp_pubsub' build argument 'cmake_force_configure' from command line to 'False'
[0.208s] Level 5:colcon.colcon_core.verb:set package 'cpp_pubsub' build argument 'ament_cmake_args' from command line to 'None'
[0.208s] Level 5:colcon.colcon_core.verb:set package 'cpp_pubsub' build argument 'catkin_cmake_args' from command line to 'None'
[0.208s] Level 5:colcon.colcon_core.verb:set package 'cpp_pubsub' build argument 'catkin_skip_building_tests' from command line to 'False'
[0.208s] DEBUG:colcon.colcon_core.verb:Building package 'cpp_pubsub' with the following arguments: {'ament_cmake_args': None, 'build_base': '/home/astrox/ros2_ws/build/cpp_pubsub', 'catkin_cmake_args': None, 'catkin_skip_building_tests': False, 'cmake_args': None, 'cmake_clean_cache': False, 'cmake_clean_first': False, 'cmake_force_configure': False, 'cmake_target': None, 'cmake_target_skip_unavailable': False, 'install_base': '/home/astrox/ros2_ws/install/cpp_pubsub', 'merge_install': False, 'path': '/home/astrox/ros2_ws/src/cpp_pubsub', 'symlink_install': False, 'test_result_base': None}
[0.209s] Level 5:colcon.colcon_core.verb:set package 'cpp_script' build argument 'cmake_args' from command line to 'None'
[0.209s] Level 5:colcon.colcon_core.verb:set package 'cpp_script' build argument 'cmake_target' from command line to 'None'
[0.209s] Level 5:colcon.colcon_core.verb:set package 'cpp_script' build argument 'cmake_target_skip_unavailable' from command line to 'False'
[0.209s] Level 5:colcon.colcon_core.verb:set package 'cpp_script' build argument 'cmake_clean_cache' from command line to 'False'
[0.209s] Level 5:colcon.colcon_core.verb:set package 'cpp_script' build argument 'cmake_clean_first' from command line to 'False'
[0.209s] Level 5:colcon.colcon_core.verb:set package 'cpp_script' build argument 'cmake_force_configure' from command line to 'False'
[0.209s] Level 5:colcon.colcon_core.verb:set package 'cpp_script' build argument 'ament_cmake_args' from command line to 'None'
[0.209s] Level 5:colcon.colcon_core.verb:set package 'cpp_script' build argument 'catkin_cmake_args' from command line to 'None'
[0.209s] Level 5:colcon.colcon_core.verb:set package 'cpp_script' build argument 'catkin_skip_building_tests' from command line to 'False'
[0.209s] DEBUG:colcon.colcon_core.verb:Building package 'cpp_script' with the following arguments: {'ament_cmake_args': None, 'build_base': '/home/astrox/ros2_ws/build/cpp_script', 'catkin_cmake_args': None, 'catkin_skip_building_tests': False, 'cmake_args': None, 'cmake_clean_cache': False, 'cmake_clean_first': False, 'cmake_force_configure': False, 'cmake_target': None, 'cmake_target_skip_unavailable': False, 'install_base': '/home/astrox/ros2_ws/install/cpp_script', 'merge_install': False, 'path': '/home/astrox/ros2_ws/src/cpp_script', 'symlink_install': False, 'test_result_base': None}
[0.209s] Level 5:colcon.colcon_core.verb:set package 'py_pubsub' build argument 'cmake_args' from command line to 'None'
[0.209s] Level 5:colcon.colcon_core.verb:set package 'py_pubsub' build argument 'cmake_target' from command line to 'None'
[0.209s] Level 5:colcon.colcon_core.verb:set package 'py_pubsub' build argument 'cmake_target_skip_unavailable' from command line to 'False'
[0.209s] Level 5:colcon.colcon_core.verb:set package 'py_pubsub' build argument 'cmake_clean_cache' from command line to 'False'
[0.209s] Level 5:colcon.colcon_core.verb:set package 'py_pubsub' build argument 'cmake_clean_first' from command line to 'False'
[0.209s] Level 5:colcon.colcon_core.verb:set package 'py_pubsub' build argument 'cmake_force_configure' from command line to 'False'
[0.209s] Level 5:colcon.colcon_core.verb:set package 'py_pubsub' build argument 'ament_cmake_args' from command line to 'None'
[0.209s] Level 5:colcon.colcon_core.verb:set package 'py_pubsub' build argument 'catkin_cmake_args' from command line to 'None'
[0.209s] Level 5:colcon.colcon_core.verb:set package 'py_pubsub' build argument 'catkin_skip_building_tests' from command line to 'False'
[0.209s] DEBUG:colcon.colcon_core.verb:Building package 'py_pubsub' with the following arguments: {'ament_cmake_args': None, 'build_base': '/home/astrox/ros2_ws/build/py_pubsub', 'catkin_cmake_args': None, 'catkin_skip_building_tests': False, 'cmake_args': None, 'cmake_clean_cache': False, 'cmake_clean_first': False, 'cmake_force_configure': False, 'cmake_target': None, 'cmake_target_skip_unavailable': False, 'install_base': '/home/astrox/ros2_ws/install/py_pubsub', 'merge_install': False, 'path': '/home/astrox/ros2_ws/src/py_pubsub', 'symlink_install': False, 'test_result_base': None}
[0.209s] Level 5:colcon.colcon_core.verb:set package 'python_script' build argument 'cmake_args' from command line to 'None'
[0.209s] Level 5:colcon.colcon_core.verb:set package 'python_script' build argument 'cmake_target' from command line to 'None'
[0.209s] Level 5:colcon.colcon_core.verb:set package 'python_script' build argument 'cmake_target_skip_unavailable' from command line to 'False'
[0.209s] Level 5:colcon.colcon_core.verb:set package 'python_script' build argument 'cmake_clean_cache' from command line to 'False'
[0.209s] Level 5:colcon.colcon_core.verb:set package 'python_script' build argument 'cmake_clean_first' from command line to 'False'
[0.209s] Level 5:colcon.colcon_core.verb:set package 'python_script' build argument 'cmake_force_configure' from command line to 'False'
[0.209s] Level 5:colcon.colcon_core.verb:set package 'python_script' build argument 'ament_cmake_args' from command line to 'None'
[0.210s] Level 5:colcon.colcon_core.verb:set package 'python_script' build argument 'catkin_cmake_args' from command line to 'None'
[0.210s] Level 5:colcon.colcon_core.verb:set package 'python_script' build argument 'catkin_skip_building_tests' from command line to 'False'
[0.210s] DEBUG:colcon.colcon_core.verb:Building package 'python_script' with the following arguments: {'ament_cmake_args': None, 'build_base': '/home/astrox/ros2_ws/build/python_script', 'catkin_cmake_args': None, 'catkin_skip_building_tests': False, 'cmake_args': None, 'cmake_clean_cache': False, 'cmake_clean_first': False, 'cmake_force_configure': False, 'cmake_target': None, 'cmake_target_skip_unavailable': False, 'install_base': '/home/astrox/ros2_ws/install/python_script', 'merge_install': False, 'path': '/home/astrox/ros2_ws/src/python_script', 'symlink_install': False, 'test_result_base': None}
[0.210s] INFO:colcon.colcon_core.executor:Executing jobs using 'parallel' executor
[0.210s] DEBUG:colcon.colcon_parallel_executor.executor.parallel:run_until_complete
[0.211s] INFO:colcon.colcon_ros.task.ament_cmake.build:Building ROS package in '/home/astrox/ros2_ws/src/cpp_pubsub' with build type 'ament_cmake'
[0.211s] INFO:colcon.colcon_cmake.task.cmake.build:Building CMake package in '/home/astrox/ros2_ws/src/cpp_pubsub'
[0.212s] INFO:colcon.colcon_core.plugin_system:Skipping extension 'colcon_core.shell.bat': Not used on non-Windows systems
[0.213s] INFO:colcon.colcon_core.shell:Skip shell extension 'powershell' for command environment: Not usable outside of PowerShell
[0.213s] DEBUG:colcon.colcon_core.shell:Skip shell extension 'dsv' for command environment
[0.216s] INFO:colcon.colcon_ros.task.ament_cmake.build:Building ROS package in '/home/astrox/ros2_ws/src/cpp_script' with build type 'ament_cmake'
[0.217s] INFO:colcon.colcon_cmake.task.cmake.build:Building CMake package in '/home/astrox/ros2_ws/src/cpp_script'
[0.217s] INFO:colcon.colcon_core.shell:Skip shell extension 'powershell' for command environment: Not usable outside of PowerShell
[0.217s] DEBUG:colcon.colcon_core.shell:Skip shell extension 'dsv' for command environment
[0.220s] INFO:colcon.colcon_ros.task.ament_python.build:Building ROS package in '/home/astrox/ros2_ws/src/py_pubsub' with build type 'ament_python'
[0.220s] Level 1:colcon.colcon_core.shell:create_environment_hook('py_pubsub', 'ament_prefix_path')
[0.220s] INFO:colcon.colcon_core.shell:Creating environment hook '/home/astrox/ros2_ws/install/py_pubsub/share/py_pubsub/hook/ament_prefix_path.ps1'
[0.221s] INFO:colcon.colcon_core.shell:Creating environment descriptor '/home/astrox/ros2_ws/install/py_pubsub/share/py_pubsub/hook/ament_prefix_path.dsv'
[0.221s] INFO:colcon.colcon_core.shell:Creating environment hook '/home/astrox/ros2_ws/install/py_pubsub/share/py_pubsub/hook/ament_prefix_path.sh'
[0.222s] INFO:colcon.colcon_core.shell:Skip shell extension 'powershell' for command environment: Not usable outside of PowerShell
[0.222s] DEBUG:colcon.colcon_core.shell:Skip shell extension 'dsv' for command environment
[0.224s] INFO:colcon.colcon_ros.task.ament_python.build:Building ROS package in '/home/astrox/ros2_ws/src/python_script' with build type 'ament_python'
[0.224s] Level 1:colcon.colcon_core.shell:create_environment_hook('python_script', 'ament_prefix_path')
[0.224s] INFO:colcon.colcon_core.shell:Creating environment hook '/home/astrox/ros2_ws/install/python_script/share/python_script/hook/ament_prefix_path.ps1'
[0.225s] INFO:colcon.colcon_core.shell:Creating environment descriptor '/home/astrox/ros2_ws/install/python_script/share/python_script/hook/ament_prefix_path.dsv'
[0.225s] INFO:colcon.colcon_core.shell:Creating environment hook '/home/astrox/ros2_ws/install/python_script/share/python_script/hook/ament_prefix_path.sh'
[0.225s] INFO:colcon.colcon_core.shell:Skip shell extension 'powershell' for command environment: Not usable outside of PowerShell
[0.225s] DEBUG:colcon.colcon_core.shell:Skip shell extension 'dsv' for command environment
[0.231s] DEBUG:colcon.colcon_core.event_handler.log_command:Invoking command in '/home/astrox/ros2_ws/build/cpp_pubsub': CMAKE_PREFIX_PATH=${CMAKE_PREFIX_PATH}:/home/astrox/ros2_ws/install/py_pubsub:/opt/ros/jazzy DEBUGINFOD_URLS=https://debuginfod.ubuntu.com /usr/bin/cmake --build /home/astrox/ros2_ws/build/cpp_pubsub -- -j12 -l12
[0.233s] DEBUG:colcon.colcon_core.event_handler.log_command:Invoking command in '/home/astrox/ros2_ws/build/cpp_script': CMAKE_PREFIX_PATH=${CMAKE_PREFIX_PATH}:/home/astrox/ros2_ws/install/py_pubsub:/opt/ros/jazzy DEBUGINFOD_URLS=https://debuginfod.ubuntu.com /usr/bin/cmake --build /home/astrox/ros2_ws/build/cpp_script -- -j12 -l12
[0.421s] INFO:colcon.colcon_core.task.python.build:Building Python package in '/home/astrox/ros2_ws/src/py_pubsub'
[0.421s] INFO:colcon.colcon_core.shell:Skip shell extension 'powershell' for command environment: Not usable outside of PowerShell
[0.421s] DEBUG:colcon.colcon_core.shell:Skip shell extension 'dsv' for command environment
[0.636s] INFO:colcon.colcon_core.task.python.build:Building Python package in '/home/astrox/ros2_ws/src/python_script'
[0.636s] INFO:colcon.colcon_core.shell:Skip shell extension 'powershell' for command environment: Not usable outside of PowerShell
[0.636s] DEBUG:colcon.colcon_core.shell:Skip shell extension 'dsv' for command environment
[0.639s] DEBUG:colcon.colcon_core.event_handler.log_command:Invoked command in '/home/astrox/ros2_ws/build/cpp_script' returned '0': CMAKE_PREFIX_PATH=${CMAKE_PREFIX_PATH}:/home/astrox/ros2_ws/install/py_pubsub:/opt/ros/jazzy DEBUGINFOD_URLS=https://debuginfod.ubuntu.com /usr/bin/cmake --build /home/astrox/ros2_ws/build/cpp_script -- -j12 -l12
[0.661s] DEBUG:colcon.colcon_core.event_handler.log_command:Invoking command in '/home/astrox/ros2_ws/build/cpp_script': CMAKE_PREFIX_PATH=${CMAKE_PREFIX_PATH}:/home/astrox/ros2_ws/install/py_pubsub:/opt/ros/jazzy DEBUGINFOD_URLS=https://debuginfod.ubuntu.com /usr/bin/cmake --install /home/astrox/ros2_ws/build/cpp_script
[0.670s] Level 1:colcon.colcon_core.environment:create_environment_scripts_only(cpp_script)
[0.670s] DEBUG:colcon.colcon_core.event_handler.log_command:Invoked command in '/home/astrox/ros2_ws/build/cpp_script' returned '0': CMAKE_PREFIX_PATH=${CMAKE_PREFIX_PATH}:/home/astrox/ros2_ws/install/py_pubsub:/opt/ros/jazzy DEBUGINFOD_URLS=https://debuginfod.ubuntu.com /usr/bin/cmake --install /home/astrox/ros2_ws/build/cpp_script
[0.672s] Level 1:colcon.colcon_core.environment:checking '/home/astrox/ros2_ws/install/cpp_script' for CMake module files
[0.672s] Level 1:colcon.colcon_core.environment:checking '/home/astrox/ros2_ws/install/cpp_script' for CMake config files
[0.673s] Level 1:colcon.colcon_core.shell:create_environment_hook('cpp_script', 'cmake_prefix_path')
[0.673s] INFO:colcon.colcon_core.shell:Creating environment hook '/home/astrox/ros2_ws/install/cpp_script/share/cpp_script/hook/cmake_prefix_path.ps1'
[0.673s] INFO:colcon.colcon_core.shell:Creating environment descriptor '/home/astrox/ros2_ws/install/cpp_script/share/cpp_script/hook/cmake_prefix_path.dsv'
[0.673s] INFO:colcon.colcon_core.shell:Creating environment hook '/home/astrox/ros2_ws/install/cpp_script/share/cpp_script/hook/cmake_prefix_path.sh'
[0.674s] Level 1:colcon.colcon_core.environment:checking '/home/astrox/ros2_ws/install/cpp_script/lib'
[0.674s] Level 1:colcon.colcon_core.environment:checking '/home/astrox/ros2_ws/install/cpp_script/bin'
[0.674s] Level 1:colcon.colcon_core.environment:checking '/home/astrox/ros2_ws/install/cpp_script/lib/pkgconfig/cpp_script.pc'
[0.674s] Level 1:colcon.colcon_core.environment:checking '/home/astrox/ros2_ws/install/cpp_script/lib/python3.12/site-packages'
[0.674s] Level 1:colcon.colcon_core.environment:checking '/home/astrox/ros2_ws/install/cpp_script/bin'
[0.675s] INFO:colcon.colcon_core.shell:Creating package script '/home/astrox/ros2_ws/install/cpp_script/share/cpp_script/package.ps1'
[0.675s] INFO:colcon.colcon_core.shell:Creating package descriptor '/home/astrox/ros2_ws/install/cpp_script/share/cpp_script/package.dsv'
[0.675s] INFO:colcon.colcon_core.shell:Creating package script '/home/astrox/ros2_ws/install/cpp_script/share/cpp_script/package.sh'
[0.676s] INFO:colcon.colcon_core.shell:Creating package script '/home/astrox/ros2_ws/install/cpp_script/share/cpp_script/package.bash'
[0.676s] INFO:colcon.colcon_core.shell:Creating package script '/home/astrox/ros2_ws/install/cpp_script/share/cpp_script/package.zsh'
[0.677s] Level 1:colcon.colcon_core.environment:create_file_with_runtime_dependencies(/home/astrox/ros2_ws/install/cpp_script/share/colcon-core/packages/cpp_script)
[0.693s] Level 1:colcon.colcon_core.environment:create_environment_scripts_only(cpp_script)
[0.693s] Level 1:colcon.colcon_core.environment:checking '/home/astrox/ros2_ws/install/cpp_script' for CMake module files
[0.694s] Level 1:colcon.colcon_core.environment:checking '/home/astrox/ros2_ws/install/cpp_script' for CMake config files
[0.694s] Level 1:colcon.colcon_core.shell:create_environment_hook('cpp_script', 'cmake_prefix_path')
[0.694s] INFO:colcon.colcon_core.shell:Creating environment hook '/home/astrox/ros2_ws/install/cpp_script/share/cpp_script/hook/cmake_prefix_path.ps1'
[0.695s] INFO:colcon.colcon_core.shell:Creating environment descriptor '/home/astrox/ros2_ws/install/cpp_script/share/cpp_script/hook/cmake_prefix_path.dsv'
[0.695s] INFO:colcon.colcon_core.shell:Creating environment hook '/home/astrox/ros2_ws/install/cpp_script/share/cpp_script/hook/cmake_prefix_path.sh'
[0.696s] Level 1:colcon.colcon_core.environment:checking '/home/astrox/ros2_ws/install/cpp_script/lib'
[0.696s] Level 1:colcon.colcon_core.environment:checking '/home/astrox/ros2_ws/install/cpp_script/bin'
[0.696s] Level 1:colcon.colcon_core.environment:checking '/home/astrox/ros2_ws/install/cpp_script/lib/pkgconfig/cpp_script.pc'
[0.696s] Level 1:colcon.colcon_core.environment:checking '/home/astrox/ros2_ws/install/cpp_script/lib/python3.12/site-packages'
[0.697s] Level 1:colcon.colcon_core.environment:checking '/home/astrox/ros2_ws/install/cpp_script/bin'
[0.697s] INFO:colcon.colcon_core.shell:Creating package script '/home/astrox/ros2_ws/install/cpp_script/share/cpp_script/package.ps1'
[0.698s] INFO:colcon.colcon_core.shell:Creating package descriptor '/home/astrox/ros2_ws/install/cpp_script/share/cpp_script/package.dsv'
[0.698s] INFO:colcon.colcon_core.shell:Creating package script '/home/astrox/ros2_ws/install/cpp_script/share/cpp_script/package.sh'
[0.699s] INFO:colcon.colcon_core.shell:Creating package script '/home/astrox/ros2_ws/install/cpp_script/share/cpp_script/package.bash'
[0.699s] INFO:colcon.colcon_core.shell:Creating package script '/home/astrox/ros2_ws/install/cpp_script/share/cpp_script/package.zsh'
[0.699s] Level 1:colcon.colcon_core.environment:create_file_with_runtime_dependencies(/home/astrox/ros2_ws/install/cpp_script/share/colcon-core/packages/cpp_script)
[1.186s] DEBUG:colcon.colcon_core.event_handler.log_command:Invoking command in '/home/astrox/ros2_ws/src/python_script': DEBUGINFOD_URLS=https://debuginfod.ubuntu.com PYTHONPATH=/home/astrox/ros2_ws/build/python_script/prefix_override:/usr/lib/python3/dist-packages/colcon_core/task/python/colcon_distutils_commands:/home/astrox/ros2_ws/install/python_script/lib/python3.12/site-packages:${PYTHONPATH} /usr/bin/python3 -W ignore:setup.py install is deprecated setup.py egg_info --egg-base ../../build/python_script build --build-base /home/astrox/ros2_ws/build/python_script/build install --record /home/astrox/ros2_ws/build/python_script/install.log --single-version-externally-managed install_data
[1.191s] DEBUG:colcon.colcon_core.event_handler.log_command:Invoking command in '/home/astrox/ros2_ws/src/py_pubsub': DEBUGINFOD_URLS=https://debuginfod.ubuntu.com PYTHONPATH=/home/astrox/ros2_ws/build/py_pubsub/prefix_override:/usr/lib/python3/dist-packages/colcon_core/task/python/colcon_distutils_commands:/home/astrox/ros2_ws/install/py_pubsub/lib/python3.12/site-packages:${PYTHONPATH} /usr/bin/python3 -W ignore:setup.py install is deprecated setup.py egg_info --egg-base ../../build/py_pubsub build --build-base /home/astrox/ros2_ws/build/py_pubsub/build install --record /home/astrox/ros2_ws/build/py_pubsub/install.log --single-version-externally-managed install_data
[1.706s] Level 1:colcon.colcon_core.environment:checking '/home/astrox/ros2_ws/install/python_script' for CMake module files
[1.706s] DEBUG:colcon.colcon_core.event_handler.log_command:Invoked command in '/home/astrox/ros2_ws/src/python_script' returned '0': DEBUGINFOD_URLS=https://debuginfod.ubuntu.com PYTHONPATH=/home/astrox/ros2_ws/build/python_script/prefix_override:/usr/lib/python3/dist-packages/colcon_core/task/python/colcon_distutils_commands:/home/astrox/ros2_ws/install/python_script/lib/python3.12/site-packages:${PYTHONPATH} /usr/bin/python3 -W ignore:setup.py install is deprecated setup.py egg_info --egg-base ../../build/python_script build --build-base /home/astrox/ros2_ws/build/python_script/build install --record /home/astrox/ros2_ws/build/python_script/install.log --single-version-externally-managed install_data
[1.707s] Level 1:colcon.colcon_core.environment:checking '/home/astrox/ros2_ws/install/python_script' for CMake config files
[1.707s] Level 1:colcon.colcon_core.environment:checking '/home/astrox/ros2_ws/install/python_script/lib'
[1.708s] Level 1:colcon.colcon_core.environment:checking '/home/astrox/ros2_ws/install/python_script/bin'
[1.708s] Level 1:colcon.colcon_core.environment:checking '/home/astrox/ros2_ws/install/python_script/lib/pkgconfig/python_script.pc'
[1.708s] Level 1:colcon.colcon_core.environment:checking '/home/astrox/ros2_ws/install/python_script/lib/python3.12/site-packages'
[1.708s] Level 1:colcon.colcon_core.shell:create_environment_hook('python_script', 'pythonpath')
[1.708s] INFO:colcon.colcon_core.shell:Creating environment hook '/home/astrox/ros2_ws/install/python_script/share/python_script/hook/pythonpath.ps1'
[1.709s] INFO:colcon.colcon_core.shell:Creating environment descriptor '/home/astrox/ros2_ws/install/python_script/share/python_script/hook/pythonpath.dsv'
[1.709s] INFO:colcon.colcon_core.shell:Creating environment hook '/home/astrox/ros2_ws/install/python_script/share/python_script/hook/pythonpath.sh'
[1.710s] Level 1:colcon.colcon_core.environment:checking '/home/astrox/ros2_ws/install/python_script/bin'
[1.710s] Level 1:colcon.colcon_core.environment:create_environment_scripts_only(python_script)
[1.710s] INFO:colcon.colcon_core.shell:Creating package script '/home/astrox/ros2_ws/install/python_script/share/python_script/package.ps1'
[1.711s] INFO:colcon.colcon_core.shell:Creating package descriptor '/home/astrox/ros2_ws/install/python_script/share/python_script/package.dsv'
[1.711s] INFO:colcon.colcon_core.shell:Creating package script '/home/astrox/ros2_ws/install/python_script/share/python_script/package.sh'
[1.712s] INFO:colcon.colcon_core.shell:Creating package script '/home/astrox/ros2_ws/install/python_script/share/python_script/package.bash'
[1.712s] INFO:colcon.colcon_core.shell:Creating package script '/home/astrox/ros2_ws/install/python_script/share/python_script/package.zsh'
[1.713s] Level 1:colcon.colcon_core.environment:create_file_with_runtime_dependencies(/home/astrox/ros2_ws/install/python_script/share/colcon-core/packages/python_script)
[1.714s] Level 1:colcon.colcon_core.environment:checking '/home/astrox/ros2_ws/install/py_pubsub' for CMake module files
[1.715s] DEBUG:colcon.colcon_core.event_handler.log_command:Invoked command in '/home/astrox/ros2_ws/src/py_pubsub' returned '0': DEBUGINFOD_URLS=https://debuginfod.ubuntu.com PYTHONPATH=/home/astrox/ros2_ws/build/py_pubsub/prefix_override:/usr/lib/python3/dist-packages/colcon_core/task/python/colcon_distutils_commands:/home/astrox/ros2_ws/install/py_pubsub/lib/python3.12/site-packages:${PYTHONPATH} /usr/bin/python3 -W ignore:setup.py install is deprecated setup.py egg_info --egg-base ../../build/py_pubsub build --build-base /home/astrox/ros2_ws/build/py_pubsub/build install --record /home/astrox/ros2_ws/build/py_pubsub/install.log --single-version-externally-managed install_data
[1.715s] Level 1:colcon.colcon_core.environment:checking '/home/astrox/ros2_ws/install/py_pubsub' for CMake config files
[1.716s] Level 1:colcon.colcon_core.environment:checking '/home/astrox/ros2_ws/install/py_pubsub/lib'
[1.716s] Level 1:colcon.colcon_core.environment:checking '/home/astrox/ros2_ws/install/py_pubsub/bin'
[1.716s] Level 1:colcon.colcon_core.environment:checking '/home/astrox/ros2_ws/install/py_pubsub/lib/pkgconfig/py_pubsub.pc'
[1.717s] Level 1:colcon.colcon_core.environment:checking '/home/astrox/ros2_ws/install/py_pubsub/lib/python3.12/site-packages'
[1.717s] Level 1:colcon.colcon_core.shell:create_environment_hook('py_pubsub', 'pythonpath')
[1.717s] INFO:colcon.colcon_core.shell:Creating environment hook '/home/astrox/ros2_ws/install/py_pubsub/share/py_pubsub/hook/pythonpath.ps1'
[1.718s] INFO:colcon.colcon_core.shell:Creating environment descriptor '/home/astrox/ros2_ws/install/py_pubsub/share/py_pubsub/hook/pythonpath.dsv'
[1.718s] INFO:colcon.colcon_core.shell:Creating environment hook '/home/astrox/ros2_ws/install/py_pubsub/share/py_pubsub/hook/pythonpath.sh'
[1.719s] Level 1:colcon.colcon_core.environment:checking '/home/astrox/ros2_ws/install/py_pubsub/bin'
[1.719s] Level 1:colcon.colcon_core.environment:create_environment_scripts_only(py_pubsub)
[1.720s] INFO:colcon.colcon_core.shell:Creating package script '/home/astrox/ros2_ws/install/py_pubsub/share/py_pubsub/package.ps1'
[1.720s] INFO:colcon.colcon_core.shell:Creating package descriptor '/home/astrox/ros2_ws/install/py_pubsub/share/py_pubsub/package.dsv'
[1.721s] INFO:colcon.colcon_core.shell:Creating package script '/home/astrox/ros2_ws/install/py_pubsub/share/py_pubsub/package.sh'
[1.721s] INFO:colcon.colcon_core.shell:Creating package script '/home/astrox/ros2_ws/install/py_pubsub/share/py_pubsub/package.bash'
[1.722s] INFO:colcon.colcon_core.shell:Creating package script '/home/astrox/ros2_ws/install/py_pubsub/share/py_pubsub/package.zsh'
[1.722s] Level 1:colcon.colcon_core.environment:create_file_with_runtime_dependencies(/home/astrox/ros2_ws/install/py_pubsub/share/colcon-core/packages/py_pubsub)
[7.706s] DEBUG:colcon.colcon_core.event_handler.log_command:Invoked command in '/home/astrox/ros2_ws/build/cpp_pubsub' returned '0': CMAKE_PREFIX_PATH=${CMAKE_PREFIX_PATH}:/home/astrox/ros2_ws/install/py_pubsub:/opt/ros/jazzy DEBUGINFOD_URLS=https://debuginfod.ubuntu.com /usr/bin/cmake --build /home/astrox/ros2_ws/build/cpp_pubsub -- -j12 -l12
[7.723s] DEBUG:colcon.colcon_core.event_handler.log_command:Invoking command in '/home/astrox/ros2_ws/build/cpp_pubsub': CMAKE_PREFIX_PATH=${CMAKE_PREFIX_PATH}:/home/astrox/ros2_ws/install/py_pubsub:/opt/ros/jazzy DEBUGINFOD_URLS=https://debuginfod.ubuntu.com /usr/bin/cmake --install /home/astrox/ros2_ws/build/cpp_pubsub
[7.735s] Level 1:colcon.colcon_core.environment:create_environment_scripts_only(cpp_pubsub)
[7.735s] Level 1:colcon.colcon_core.environment:checking '/home/astrox/ros2_ws/install/cpp_pubsub' for CMake module files
[7.736s] DEBUG:colcon.colcon_core.event_handler.log_command:Invoked command in '/home/astrox/ros2_ws/build/cpp_pubsub' returned '0': CMAKE_PREFIX_PATH=${CMAKE_PREFIX_PATH}:/home/astrox/ros2_ws/install/py_pubsub:/opt/ros/jazzy DEBUGINFOD_URLS=https://debuginfod.ubuntu.com /usr/bin/cmake --install /home/astrox/ros2_ws/build/cpp_pubsub
[7.736s] Level 1:colcon.colcon_core.environment:checking '/home/astrox/ros2_ws/install/cpp_pubsub' for CMake config files
[7.736s] Level 1:colcon.colcon_core.shell:create_environment_hook('cpp_pubsub', 'cmake_prefix_path')
[7.736s] INFO:colcon.colcon_core.shell:Creating environment hook '/home/astrox/ros2_ws/install/cpp_pubsub/share/cpp_pubsub/hook/cmake_prefix_path.ps1'
[7.737s] INFO:colcon.colcon_core.shell:Creating environment descriptor '/home/astrox/ros2_ws/install/cpp_pubsub/share/cpp_pubsub/hook/cmake_prefix_path.dsv'
[7.737s] INFO:colcon.colcon_core.shell:Creating environment hook '/home/astrox/ros2_ws/install/cpp_pubsub/share/cpp_pubsub/hook/cmake_prefix_path.sh'
[7.737s] Level 1:colcon.colcon_core.environment:checking '/home/astrox/ros2_ws/install/cpp_pubsub/lib'
[7.737s] Level 1:colcon.colcon_core.environment:checking '/home/astrox/ros2_ws/install/cpp_pubsub/bin'
[7.737s] Level 1:colcon.colcon_core.environment:checking '/home/astrox/ros2_ws/install/cpp_pubsub/lib/pkgconfig/cpp_pubsub.pc'
[7.738s] Level 1:colcon.colcon_core.environment:checking '/home/astrox/ros2_ws/install/cpp_pubsub/lib/python3.12/site-packages'
[7.738s] Level 1:colcon.colcon_core.environment:checking '/home/astrox/ros2_ws/install/cpp_pubsub/bin'
[7.738s] INFO:colcon.colcon_core.shell:Creating package script '/home/astrox/ros2_ws/install/cpp_pubsub/share/cpp_pubsub/package.ps1'
[7.738s] INFO:colcon.colcon_core.shell:Creating package descriptor '/home/astrox/ros2_ws/install/cpp_pubsub/share/cpp_pubsub/package.dsv'
[7.739s] INFO:colcon.colcon_core.shell:Creating package script '/home/astrox/ros2_ws/install/cpp_pubsub/share/cpp_pubsub/package.sh'
[7.739s] INFO:colcon.colcon_core.shell:Creating package script '/home/astrox/ros2_ws/install/cpp_pubsub/share/cpp_pubsub/package.bash'
[7.739s] INFO:colcon.colcon_core.shell:Creating package script '/home/astrox/ros2_ws/install/cpp_pubsub/share/cpp_pubsub/package.zsh'
[7.739s] Level 1:colcon.colcon_core.environment:create_file_with_runtime_dependencies(/home/astrox/ros2_ws/install/cpp_pubsub/share/colcon-core/packages/cpp_pubsub)
[7.756s] Level 1:colcon.colcon_core.environment:create_environment_scripts_only(cpp_pubsub)
[7.756s] Level 1:colcon.colcon_core.environment:checking '/home/astrox/ros2_ws/install/cpp_pubsub' for CMake module files
[7.757s] Level 1:colcon.colcon_core.environment:checking '/home/astrox/ros2_ws/install/cpp_pubsub' for CMake config files
[7.757s] Level 1:colcon.colcon_core.shell:create_environment_hook('cpp_pubsub', 'cmake_prefix_path')
[7.757s] INFO:colcon.colcon_core.shell:Creating environment hook '/home/astrox/ros2_ws/install/cpp_pubsub/share/cpp_pubsub/hook/cmake_prefix_path.ps1'
[7.757s] INFO:colcon.colcon_core.shell:Creating environment descriptor '/home/astrox/ros2_ws/install/cpp_pubsub/share/cpp_pubsub/hook/cmake_prefix_path.dsv'
[7.757s] INFO:colcon.colcon_core.shell:Creating environment hook '/home/astrox/ros2_ws/install/cpp_pubsub/share/cpp_pubsub/hook/cmake_prefix_path.sh'
[7.758s] Level 1:colcon.colcon_core.environment:checking '/home/astrox/ros2_ws/install/cpp_pubsub/lib'
[7.758s] Level 1:colcon.colcon_core.environment:checking '/home/astrox/ros2_ws/install/cpp_pubsub/bin'
[7.758s] Level 1:colcon.colcon_core.environment:checking '/home/astrox/ros2_ws/install/cpp_pubsub/lib/pkgconfig/cpp_pubsub.pc'
[7.758s] Level 1:colcon.colcon_core.environment:checking '/home/astrox/ros2_ws/install/cpp_pubsub/lib/python3.12/site-packages'
[7.758s] Level 1:colcon.colcon_core.environment:checking '/home/astrox/ros2_ws/install/cpp_pubsub/bin'
[7.759s] INFO:colcon.colcon_core.shell:Creating package script '/home/astrox/ros2_ws/install/cpp_pubsub/share/cpp_pubsub/package.ps1'
[7.759s] INFO:colcon.colcon_core.shell:Creating package descriptor '/home/astrox/ros2_ws/install/cpp_pubsub/share/cpp_pubsub/package.dsv'
[7.759s] INFO:colcon.colcon_core.shell:Creating package script '/home/astrox/ros2_ws/install/cpp_pubsub/share/cpp_pubsub/package.sh'
[7.760s] INFO:colcon.colcon_core.shell:Creating package script '/home/astrox/ros2_ws/install/cpp_pubsub/share/cpp_pubsub/package.bash'
[7.760s] INFO:colcon.colcon_core.shell:Creating package script '/home/astrox/ros2_ws/install/cpp_pubsub/share/cpp_pubsub/package.zsh'
[7.760s] Level 1:colcon.colcon_core.environment:create_file_with_runtime_dependencies(/home/astrox/ros2_ws/install/cpp_pubsub/share/colcon-core/packages/cpp_pubsub)
[7.760s] DEBUG:colcon.colcon_parallel_executor.executor.parallel:closing loop
[7.761s] DEBUG:colcon.colcon_parallel_executor.executor.parallel:loop closed
[7.761s] DEBUG:colcon.colcon_parallel_executor.executor.parallel:run_until_complete finished with '0'
[7.761s] DEBUG:colcon.colcon_core.event_reactor:joining thread
[7.770s] INFO:colcon.colcon_core.plugin_system:Skipping extension 'colcon_notification.desktop_notification.terminal_notifier': Not used on non-Darwin systems
[7.770s] INFO:colcon.colcon_core.plugin_system:Skipping extension 'colcon_notification.desktop_notification.win32': Not used on non-Windows systems
[7.770s] INFO:colcon.colcon_notification.desktop_notification:Sending desktop notification using 'notify2'
[7.785s] DEBUG:colcon.colcon_core.event_reactor:joined thread
[7.785s] INFO:colcon.colcon_core.shell:Creating prefix script '/home/astrox/ros2_ws/install/local_setup.ps1'
[7.786s] INFO:colcon.colcon_core.shell:Creating prefix util module '/home/astrox/ros2_ws/install/_local_setup_util_ps1.py'
[7.787s] INFO:colcon.colcon_core.shell:Creating prefix chain script '/home/astrox/ros2_ws/install/setup.ps1'
[7.787s] INFO:colcon.colcon_core.shell:Creating prefix script '/home/astrox/ros2_ws/install/local_setup.sh'
[7.788s] INFO:colcon.colcon_core.shell:Creating prefix util module '/home/astrox/ros2_ws/install/_local_setup_util_sh.py'
[7.788s] INFO:colcon.colcon_core.shell:Creating prefix chain script '/home/astrox/ros2_ws/install/setup.sh'
[7.789s] INFO:colcon.colcon_core.shell:Creating prefix script '/home/astrox/ros2_ws/install/local_setup.bash'
[7.789s] INFO:colcon.colcon_core.shell:Creating prefix chain script '/home/astrox/ros2_ws/install/setup.bash'
[7.790s] INFO:colcon.colcon_core.shell:Creating prefix script '/home/astrox/ros2_ws/install/local_setup.zsh'
[7.790s] INFO:colcon.colcon_core.shell:Creating prefix chain script '/home/astrox/ros2_ws/install/setup.zsh'
