[0.971s] Invoking command in '/home/astrox/ros2_ws/src/py_pubsub': DEBUGINFOD_URLS=https://debuginfod.ubuntu.com PYTHONPATH=/home/astrox/ros2_ws/build/py_pubsub/prefix_override:/usr/lib/python3/dist-packages/colcon_core/task/python/colcon_distutils_commands:/home/astrox/ros2_ws/install/py_pubsub/lib/python3.12/site-packages:${PYTHONPATH} /usr/bin/python3 -W ignore:setup.py install is deprecated setup.py egg_info --egg-base ../../build/py_pubsub build --build-base /home/astrox/ros2_ws/build/py_pubsub/build install --record /home/astrox/ros2_ws/build/py_pubsub/install.log --single-version-externally-managed install_data
[1.221s] running egg_info
[1.240s] writing ../../build/py_pubsub/py_pubsub.egg-info/PKG-INFO
[1.240s] writing dependency_links to ../../build/py_pubsub/py_pubsub.egg-info/dependency_links.txt
[1.240s] writing entry points to ../../build/py_pubsub/py_pubsub.egg-info/entry_points.txt
[1.240s] writing requirements to ../../build/py_pubsub/py_pubsub.egg-info/requires.txt
[1.240s] writing top-level names to ../../build/py_pubsub/py_pubsub.egg-info/top_level.txt
[1.278s] reading manifest file '../../build/py_pubsub/py_pubsub.egg-info/SOURCES.txt'
[1.279s] adding license file 'LICENSE'
[1.279s] writing manifest file '../../build/py_pubsub/py_pubsub.egg-info/SOURCES.txt'
[1.279s] running build
[1.279s] running build_py
[1.280s] running install
[1.285s] running install_lib
[1.309s] running install_data
[1.309s] running install_egg_info
[1.329s] removing '/home/astrox/ros2_ws/install/py_pubsub/lib/python3.12/site-packages/py_pubsub-0.0.0-py3.12.egg-info' (and everything under it)
[1.329s] Copying ../../build/py_pubsub/py_pubsub.egg-info to /home/astrox/ros2_ws/install/py_pubsub/lib/python3.12/site-packages/py_pubsub-0.0.0-py3.12.egg-info
[1.330s] running install_scripts
[1.455s] Installing listener script to /home/astrox/ros2_ws/install/py_pubsub/lib/py_pubsub
[1.455s] Installing talker script to /home/astrox/ros2_ws/install/py_pubsub/lib/py_pubsub
[1.455s] writing list of installed files to '/home/astrox/ros2_ws/build/py_pubsub/install.log'
[1.494s] Invoked command in '/home/astrox/ros2_ws/src/py_pubsub' returned '0': DEBUGINFOD_URLS=https://debuginfod.ubuntu.com PYTHONPATH=/home/astrox/ros2_ws/build/py_pubsub/prefix_override:/usr/lib/python3/dist-packages/colcon_core/task/python/colcon_distutils_commands:/home/astrox/ros2_ws/install/py_pubsub/lib/python3.12/site-packages:${PYTHONPATH} /usr/bin/python3 -W ignore:setup.py install is deprecated setup.py egg_info --egg-base ../../build/py_pubsub build --build-base /home/astrox/ros2_ws/build/py_pubsub/build install --record /home/astrox/ros2_ws/build/py_pubsub/install.log --single-version-externally-managed install_data
