[ 25%] [32mBuilding CXX object CMakeFiles/talker.dir/src/cpp_publisher.cpp.o[0m
[ 50%] [32mBuilding CXX object CMakeFiles/listener.dir/src/cpp_subscriber.cpp.o[0m
[ 75%] [32m[1mLinking CXX executable talker[0m
[ 75%] Built target talker
[100%] [32m[1mLinking CXX executable listener[0m
[100%] Built target listener
-- Install configuration: ""
-- Installing: /home/astrox/ros2_ws/install/cpp_pubsub/lib/cpp_pubsub/talker
-- Set non-toolchain portion of runtime path of "/home/astrox/ros2_ws/install/cpp_pubsub/lib/cpp_pubsub/talker" to ""
-- Installing: /home/astrox/ros2_ws/install/cpp_pubsub/lib/cpp_pubsub/listener
-- Set non-toolchain portion of runtime path of "/home/astrox/ros2_ws/install/cpp_pubsub/lib/cpp_pubsub/listener" to ""
-- Up-to-date: /home/astrox/ros2_ws/install/cpp_pubsub/share/cpp_pubsub//launch
-- Up-to-date: /home/astrox/ros2_ws/install/cpp_pubsub/share/cpp_pubsub//launch/demo.py
-- Up-to-date: /home/astrox/ros2_ws/install/cpp_pubsub/share/ament_index/resource_index/package_run_dependencies/cpp_pubsub
-- Up-to-date: /home/astrox/ros2_ws/install/cpp_pubsub/share/ament_index/resource_index/parent_prefix_path/cpp_pubsub
-- Up-to-date: /home/astrox/ros2_ws/install/cpp_pubsub/share/cpp_pubsub/environment/ament_prefix_path.sh
-- Up-to-date: /home/astrox/ros2_ws/install/cpp_pubsub/share/cpp_pubsub/environment/ament_prefix_path.dsv
-- Up-to-date: /home/astrox/ros2_ws/install/cpp_pubsub/share/cpp_pubsub/environment/path.sh
-- Up-to-date: /home/astrox/ros2_ws/install/cpp_pubsub/share/cpp_pubsub/environment/path.dsv
-- Up-to-date: /home/astrox/ros2_ws/install/cpp_pubsub/share/cpp_pubsub/local_setup.bash
-- Up-to-date: /home/astrox/ros2_ws/install/cpp_pubsub/share/cpp_pubsub/local_setup.sh
-- Up-to-date: /home/astrox/ros2_ws/install/cpp_pubsub/share/cpp_pubsub/local_setup.zsh
-- Up-to-date: /home/astrox/ros2_ws/install/cpp_pubsub/share/cpp_pubsub/local_setup.dsv
-- Installing: /home/astrox/ros2_ws/install/cpp_pubsub/share/cpp_pubsub/package.dsv
-- Up-to-date: /home/astrox/ros2_ws/install/cpp_pubsub/share/ament_index/resource_index/packages/cpp_pubsub
-- Up-to-date: /home/astrox/ros2_ws/install/cpp_pubsub/share/cpp_pubsub/cmake/cpp_pubsubConfig.cmake
-- Up-to-date: /home/astrox/ros2_ws/install/cpp_pubsub/share/cpp_pubsub/cmake/cpp_pubsubConfig-version.cmake
-- Up-to-date: /home/astrox/ros2_ws/install/cpp_pubsub/share/cpp_pubsub/package.xml
